2018-12-04T14:01:22,513 DEBUG (main) [com.goldennode.client.RestClient(signRequest:86)] Signature to be created from : key=ogunay1978@gmail.com,timestamp=1543928482,nonce=802956d7-a864-4451-96c0-0780697a5312/goldennode/map/id/map0/put/key/%7B%22c%22%3A%22java.lang.String%22%2C%22o%22%3A%221%22%7D{"c":"com.goldennode.client.TestBean","o":{"property1":"String1","property2":1}}POST
2018-12-04T14:01:23,223 DEBUG (main) [com.goldennode.client.RestClient(signRequest:86)] Signature to be created from : key=ogunay1978@gmail.com,timestamp=1543928483,nonce=374947b6-6685-4ab9-bb6c-c6a8a836788f/goldennode/map/id/map0/get/key/%7B%22c%22%3A%22java.lang.String%22%2C%22o%22%3A%221%22%7DGET
2018-12-04T14:01:23,279 DEBUG (main) [com.goldennode.client.RestClient(signRequest:86)] Signature to be created from : key=ogunay1978@gmail.com,timestamp=1543928483,nonce=f206971e-7ceb-444f-b61a-a72160ad2d8f/goldennode/map/id/map1/clearDELETE
2018-12-04T14:01:23,322 DEBUG (main) [com.goldennode.client.RestClient(signRequest:86)] Signature to be created from : key=ogunay1978@gmail.com,timestamp=1543928483,nonce=42cde49c-ac90-4d56-bf17-11c685cbe6de/goldennode/map/id/map1/isEmptyGET
2018-12-04T14:01:23,360 DEBUG (main) [com.goldennode.client.RestClient(signRequest:86)] Signature to be created from : key=ogunay1978@gmail.com,timestamp=1543928483,nonce=0386a734-05fc-4bec-bf38-cce67d1eca00/goldennode/map/id/map1/put/key/%7B%22c%22%3A%22java.lang.String%22%2C%22o%22%3A%22key1%22%7D{"c":"java.lang.String","o":"val1"}POST
2018-12-04T14:01:23,369 DEBUG (main) [com.goldennode.client.RestClient(signRequest:86)] Signature to be created from : key=ogunay1978@gmail.com,timestamp=1543928483,nonce=3ce5e93b-84d1-4015-a98c-c26c11f98573/goldennode/map/id/map1/put/key/%7B%22c%22%3A%22java.lang.String%22%2C%22o%22%3A%22key2%22%7D{"c":"java.lang.String","o":"\"val2\""}POST
2018-12-04T14:01:23,384 DEBUG (main) [com.goldennode.client.RestClient(signRequest:86)] Signature to be created from : key=ogunay1978@gmail.com,timestamp=1543928483,nonce=9385bcce-11f1-4496-95bc-1ab6ebdce945/goldennode/map/id/map1/put/key/%7B%22c%22%3A%22java.lang.String%22%2C%22o%22%3A%22key3%22%7D{"c":"java.lang.String","o":"val3"}POST
2018-12-04T14:01:23,393 DEBUG (main) [com.goldennode.client.RestClient(signRequest:86)] Signature to be created from : key=ogunay1978@gmail.com,timestamp=1543928483,nonce=bcf0d115-1b33-4d05-be50-81a64a34cf6d/goldennode/map/id/map1/get/key/%7B%22c%22%3A%22java.lang.String%22%2C%22o%22%3A%22key1%22%7DGET
2018-12-04T14:01:23,411 DEBUG (main) [com.goldennode.client.RestClient(signRequest:86)] Signature to be created from : key=ogunay1978@gmail.com,timestamp=1543928483,nonce=01e82702-741a-4199-98b0-82fb4d5d215a/goldennode/map/id/map1/get/key/%7B%22c%22%3A%22java.lang.String%22%2C%22o%22%3A%22key2%22%7DGET
2018-12-04T14:01:23,424 DEBUG (main) [com.goldennode.client.RestClient(signRequest:86)] Signature to be created from : key=ogunay1978@gmail.com,timestamp=1543928483,nonce=7377c5e8-8e7a-4211-8959-fe673ebc60ac/goldennode/map/id/map1/get/key/%7B%22c%22%3A%22java.lang.String%22%2C%22o%22%3A%22key3%22%7DGET
2018-12-04T14:01:23,436 DEBUG (main) [com.goldennode.client.RestClient(signRequest:86)] Signature to be created from : key=ogunay1978@gmail.com,timestamp=1543928483,nonce=287266f1-f2f5-45d1-bb1c-4aaa1a13fe48/goldennode/map/id/map1/sizeGET
2018-12-04T14:01:23,454 DEBUG (main) [com.goldennode.client.RestClient(signRequest:86)] Signature to be created from : key=ogunay1978@gmail.com,timestamp=1543928483,nonce=1b79520f-f892-49cf-afbd-9bea0d2b33d2/goldennode/map/id/map1/containsKey/key/%7B%22c%22%3A%22java.lang.String%22%2C%22o%22%3A%22key1%22%7DGET
2018-12-04T14:01:23,462 DEBUG (main) [com.goldennode.client.RestClient(signRequest:86)] Signature to be created from : key=ogunay1978@gmail.com,timestamp=1543928483,nonce=8bbfe18b-6a88-4040-9443-38cfa2126c66/goldennode/map/id/map1/containsKey/key/%7B%22c%22%3A%22java.lang.String%22%2C%22o%22%3A%22key4%22%7DGET
2018-12-04T14:01:23,470 DEBUG (main) [com.goldennode.client.RestClient(signRequest:86)] Signature to be created from : key=ogunay1978@gmail.com,timestamp=1543928483,nonce=f5df45f8-1294-4339-bb0c-1c629b9cd89e/goldennode/map/id/map1/keySetGET
2018-12-04T14:01:23,497 DEBUG (main) [com.goldennode.client.RestClient(signRequest:86)] Signature to be created from : key=ogunay1978@gmail.com,timestamp=1543928483,nonce=45d25aa4-253c-4a87-992e-377872e676e4/goldennode/map/id/map1/valuesGET
2018-12-04T14:01:23,505 DEBUG (main) [com.goldennode.client.RestClient(signRequest:86)] Signature to be created from : key=ogunay1978@gmail.com,timestamp=1543928483,nonce=88d0bee9-2954-495e-b23c-945445be384d/goldennode/map/id/map1/entrySetGET
2018-12-04T14:01:23,518 DEBUG (main) [com.goldennode.client.RestClient(signRequest:86)] Signature to be created from : key=ogunay1978@gmail.com,timestamp=1543928483,nonce=924d1088-a0a5-4f82-b1e9-449f982f3c34/goldennode/map/id/map1/containsValue/value/%7B%22c%22%3A%22java.lang.String%22%2C%22o%22%3A%22val1%22%7D{"c":"java.lang.String","o":"val1"}GET
2018-12-04T14:02:14,252 DEBUG (main) [com.goldennode.client.RestClient(signRequest:86)] Signature to be created from : key=ogunay1978@gmail.com,timestamp=1543928534,nonce=1146f539-2be9-4dc5-a657-6cc4b218f707/goldennode/map/id/map0/put/key/%7B%22c%22%3A%22java.lang.String%22%2C%22o%22%3A%221%22%7D{"c":"com.goldennode.client.TestBean","o":{"property1":"String1","property2":1}}POST
2018-12-04T14:02:14,274 DEBUG (main) [com.goldennode.client.RestClient(signRequest:86)] Signature to be created from : key=ogunay1978@gmail.com,timestamp=1543928534,nonce=32681d76-9ff0-4029-9917-63205547443d/goldennode/map/id/map0/get/key/%7B%22c%22%3A%22java.lang.String%22%2C%22o%22%3A%221%22%7DGET
2018-12-04T14:02:14,306 DEBUG (main) [com.goldennode.client.RestClient(signRequest:86)] Signature to be created from : key=ogunay1978@gmail.com,timestamp=1543928534,nonce=1ddfa13b-5817-4e7f-a810-49651bf9e0d8/goldennode/map/id/map1/clearDELETE
2018-12-04T14:02:14,320 DEBUG (main) [com.goldennode.client.RestClient(signRequest:86)] Signature to be created from : key=ogunay1978@gmail.com,timestamp=1543928534,nonce=a115595e-c225-4228-8e3f-a817bb183ec3/goldennode/map/id/map1/isEmptyGET
2018-12-04T14:02:14,335 DEBUG (main) [com.goldennode.client.RestClient(signRequest:86)] Signature to be created from : key=ogunay1978@gmail.com,timestamp=1543928534,nonce=ae9a496d-bc6c-479f-8c91-a80eae69a341/goldennode/map/id/map1/put/key/%7B%22c%22%3A%22java.lang.String%22%2C%22o%22%3A%22key1%22%7D{"c":"java.lang.String","o":"val1"}POST
2018-12-04T14:02:14,360 DEBUG (main) [com.goldennode.client.RestClient(signRequest:86)] Signature to be created from : key=ogunay1978@gmail.com,timestamp=1543928534,nonce=ab01dd11-802c-496d-a718-c2c1654b03b8/goldennode/map/id/map1/put/key/%7B%22c%22%3A%22java.lang.String%22%2C%22o%22%3A%22key2%22%7D{"c":"java.lang.String","o":"\"val2\""}POST
2018-12-04T14:02:14,373 DEBUG (main) [com.goldennode.client.RestClient(signRequest:86)] Signature to be created from : key=ogunay1978@gmail.com,timestamp=1543928534,nonce=d194fca3-fae3-4a89-8744-4f51372b9918/goldennode/map/id/map1/put/key/%7B%22c%22%3A%22java.lang.String%22%2C%22o%22%3A%22key3%22%7D{"c":"java.lang.String","o":"val3"}POST
2018-12-04T14:02:14,386 DEBUG (main) [com.goldennode.client.RestClient(signRequest:86)] Signature to be created from : key=ogunay1978@gmail.com,timestamp=1543928534,nonce=3b81e143-1320-4ae6-841b-88b50771efb8/goldennode/map/id/map1/get/key/%7B%22c%22%3A%22java.lang.String%22%2C%22o%22%3A%22key1%22%7DGET
2018-12-04T14:02:14,395 DEBUG (main) [com.goldennode.client.RestClient(signRequest:86)] Signature to be created from : key=ogunay1978@gmail.com,timestamp=1543928534,nonce=d45fd1eb-47b0-4961-8296-4520379a3370/goldennode/map/id/map1/get/key/%7B%22c%22%3A%22java.lang.String%22%2C%22o%22%3A%22key2%22%7DGET
2018-12-04T14:02:14,407 DEBUG (main) [com.goldennode.client.RestClient(signRequest:86)] Signature to be created from : key=ogunay1978@gmail.com,timestamp=1543928534,nonce=a70ddbc8-fad9-4eeb-9f82-83539cf57fe4/goldennode/map/id/map1/get/key/%7B%22c%22%3A%22java.lang.String%22%2C%22o%22%3A%22key3%22%7DGET
2018-12-04T14:02:14,414 DEBUG (main) [com.goldennode.client.RestClient(signRequest:86)] Signature to be created from : key=ogunay1978@gmail.com,timestamp=1543928534,nonce=c4021699-4cd4-450a-9f49-54378daeb2cf/goldennode/map/id/map1/sizeGET
2018-12-04T14:02:14,434 DEBUG (main) [com.goldennode.client.RestClient(signRequest:86)] Signature to be created from : key=ogunay1978@gmail.com,timestamp=1543928534,nonce=9e0e4296-fba1-40e8-a154-0042e2bcf974/goldennode/map/id/map1/containsKey/key/%7B%22c%22%3A%22java.lang.String%22%2C%22o%22%3A%22key1%22%7DGET
2018-12-04T14:02:14,450 DEBUG (main) [com.goldennode.client.RestClient(signRequest:86)] Signature to be created from : key=ogunay1978@gmail.com,timestamp=1543928534,nonce=0699d21c-38d6-4d5a-9277-298b1a00e02c/goldennode/map/id/map1/containsKey/key/%7B%22c%22%3A%22java.lang.String%22%2C%22o%22%3A%22key4%22%7DGET
2018-12-04T14:02:14,457 DEBUG (main) [com.goldennode.client.RestClient(signRequest:86)] Signature to be created from : key=ogunay1978@gmail.com,timestamp=1543928534,nonce=b511a757-d346-4b6d-8ebe-538879aa46c4/goldennode/map/id/map1/keySetGET
2018-12-04T14:02:14,466 DEBUG (main) [com.goldennode.client.RestClient(signRequest:86)] Signature to be created from : key=ogunay1978@gmail.com,timestamp=1543928534,nonce=95afc146-d704-4dbc-bd47-de4ca6f64c29/goldennode/map/id/map1/valuesGET
2018-12-04T14:02:14,473 DEBUG (main) [com.goldennode.client.RestClient(signRequest:86)] Signature to be created from : key=ogunay1978@gmail.com,timestamp=1543928534,nonce=a4eed08d-2fc5-4c71-a14c-ace202e88cda/goldennode/map/id/map1/entrySetGET
2018-12-04T14:02:14,481 DEBUG (main) [com.goldennode.client.RestClient(signRequest:86)] Signature to be created from : key=ogunay1978@gmail.com,timestamp=1543928534,nonce=1c176a7e-780f-4b7c-b22c-db6f5410b6d9/goldennode/map/id/map1/containsValue/value/%7B%22c%22%3A%22java.lang.String%22%2C%22o%22%3A%22val1%22%7DGET
2018-12-04T14:02:14,497 DEBUG (main) [com.goldennode.client.RestClient(signRequest:86)] Signature to be created from : key=ogunay1978@gmail.com,timestamp=1543928534,nonce=2aed2dcb-d52e-40b8-b412-0c5541fd24bc/goldennode/map/id/map1/containsValue/value/%7B%22c%22%3A%22java.lang.String%22%2C%22o%22%3A%22val4%22%7DGET
2018-12-04T14:02:14,507 DEBUG (main) [com.goldennode.client.RestClient(signRequest:86)] Signature to be created from : key=ogunay1978@gmail.com,timestamp=1543928534,nonce=c879ea69-c37e-4671-8b04-750283d6c7a7/goldennode/map/id/map1/isEmptyGET
2018-12-04T14:02:14,516 DEBUG (main) [com.goldennode.client.RestClient(signRequest:86)] Signature to be created from : key=ogunay1978@gmail.com,timestamp=1543928534,nonce=0c6dd7ec-d388-49ae-8cb5-993945113407/goldennode/map/id/map1/remove/key/%7B%22c%22%3A%22java.lang.String%22%2C%22o%22%3A%22key1%22%7DDELETE
2018-12-04T14:03:21,708 DEBUG (main) [com.goldennode.client.RestClient(signRequest:86)] Signature to be created from : key=ogunay1978@gmail.com,timestamp=1543928601,nonce=39c37911-1c7f-4db9-9ce4-cd6c5b9446b9/goldennode/map/id/map0/put/key/%7B%22c%22%3A%22java.lang.String%22%2C%22o%22%3A%221%22%7D{"c":"com.goldennode.client.TestBean","o":{"property1":"String1","property2":1}}POST
2018-12-04T14:03:21,737 DEBUG (main) [com.goldennode.client.RestClient(signRequest:86)] Signature to be created from : key=ogunay1978@gmail.com,timestamp=1543928601,nonce=199a2d39-0b30-46e6-a497-1a90659de421/goldennode/map/id/map0/get/key/%7B%22c%22%3A%22java.lang.String%22%2C%22o%22%3A%221%22%7DGET
2018-12-04T14:03:21,769 DEBUG (main) [com.goldennode.client.RestClient(signRequest:86)] Signature to be created from : key=ogunay1978@gmail.com,timestamp=1543928601,nonce=a0773cc0-92cd-488b-882b-e9f1833a98d9/goldennode/map/id/map1/clearDELETE
2018-12-04T14:03:21,781 DEBUG (main) [com.goldennode.client.RestClient(signRequest:86)] Signature to be created from : key=ogunay1978@gmail.com,timestamp=1543928601,nonce=7abe5a3e-7b14-47ee-9b69-b274bb60711d/goldennode/map/id/map1/isEmptyGET
2018-12-04T14:03:21,796 DEBUG (main) [com.goldennode.client.RestClient(signRequest:86)] Signature to be created from : key=ogunay1978@gmail.com,timestamp=1543928601,nonce=8d5189c1-08dc-4cde-aa49-5fb07252fdb5/goldennode/map/id/map1/put/key/%7B%22c%22%3A%22java.lang.String%22%2C%22o%22%3A%22key1%22%7D{"c":"java.lang.String","o":"val1"}POST
2018-12-04T14:03:21,809 DEBUG (main) [com.goldennode.client.RestClient(signRequest:86)] Signature to be created from : key=ogunay1978@gmail.com,timestamp=1543928601,nonce=de1b72a9-9c94-4353-ae7f-5986f472323f/goldennode/map/id/map1/put/key/%7B%22c%22%3A%22java.lang.String%22%2C%22o%22%3A%22key2%22%7D{"c":"java.lang.String","o":"\"val2\""}POST
2018-12-04T14:03:21,823 DEBUG (main) [com.goldennode.client.RestClient(signRequest:86)] Signature to be created from : key=ogunay1978@gmail.com,timestamp=1543928601,nonce=24beb505-32e2-471a-b6a4-a896f6f11e72/goldennode/map/id/map1/put/key/%7B%22c%22%3A%22java.lang.String%22%2C%22o%22%3A%22key3%22%7D{"c":"java.lang.String","o":"val3"}POST
2018-12-04T14:03:21,837 DEBUG (main) [com.goldennode.client.RestClient(signRequest:86)] Signature to be created from : key=ogunay1978@gmail.com,timestamp=1543928601,nonce=8826b03a-8ed4-477d-8895-08feb2bc3009/goldennode/map/id/map1/get/key/%7B%22c%22%3A%22java.lang.String%22%2C%22o%22%3A%22key1%22%7DGET
2018-12-04T14:03:21,856 DEBUG (main) [com.goldennode.client.RestClient(signRequest:86)] Signature to be created from : key=ogunay1978@gmail.com,timestamp=1543928601,nonce=9d467999-8a62-41a1-b3c4-d3a307426d3e/goldennode/map/id/map1/get/key/%7B%22c%22%3A%22java.lang.String%22%2C%22o%22%3A%22key2%22%7DGET
2018-12-04T14:03:21,864 DEBUG (main) [com.goldennode.client.RestClient(signRequest:86)] Signature to be created from : key=ogunay1978@gmail.com,timestamp=1543928601,nonce=952e71a2-9a12-4d78-94f8-76670ad6f8d5/goldennode/map/id/map1/get/key/%7B%22c%22%3A%22java.lang.String%22%2C%22o%22%3A%22key3%22%7DGET
2018-12-04T14:03:21,873 DEBUG (main) [com.goldennode.client.RestClient(signRequest:86)] Signature to be created from : key=ogunay1978@gmail.com,timestamp=1543928601,nonce=4bf89235-469c-45ae-8565-28563663aee4/goldennode/map/id/map1/sizeGET
2018-12-04T14:03:21,882 DEBUG (main) [com.goldennode.client.RestClient(signRequest:86)] Signature to be created from : key=ogunay1978@gmail.com,timestamp=1543928601,nonce=7b533621-6680-4933-ab55-e16684d80542/goldennode/map/id/map1/containsKey/key/%7B%22c%22%3A%22java.lang.String%22%2C%22o%22%3A%22key1%22%7DGET
2018-12-04T14:03:21,889 DEBUG (main) [com.goldennode.client.RestClient(signRequest:86)] Signature to be created from : key=ogunay1978@gmail.com,timestamp=1543928601,nonce=b0cbdad6-daf5-43be-b424-c0fc25cda63c/goldennode/map/id/map1/containsKey/key/%7B%22c%22%3A%22java.lang.String%22%2C%22o%22%3A%22key4%22%7DGET
2018-12-04T14:03:21,895 DEBUG (main) [com.goldennode.client.RestClient(signRequest:86)] Signature to be created from : key=ogunay1978@gmail.com,timestamp=1543928601,nonce=4a5d92a8-1658-4ed4-bf02-4e7936b3db85/goldennode/map/id/map1/keySetGET
2018-12-04T14:03:21,906 DEBUG (main) [com.goldennode.client.RestClient(signRequest:86)] Signature to be created from : key=ogunay1978@gmail.com,timestamp=1543928601,nonce=ef3f8ee0-bee1-4cbc-b841-be124e882326/goldennode/map/id/map1/valuesGET
2018-12-04T14:03:21,913 DEBUG (main) [com.goldennode.client.RestClient(signRequest:86)] Signature to be created from : key=ogunay1978@gmail.com,timestamp=1543928601,nonce=6aa71689-b7da-4551-a620-c3371cabb779/goldennode/map/id/map1/entrySetGET
2018-12-04T14:03:21,921 DEBUG (main) [com.goldennode.client.RestClient(signRequest:86)] Signature to be created from : key=ogunay1978@gmail.com,timestamp=1543928601,nonce=ac1195cf-367d-4cdd-8661-5e3b1ec3a6b4/goldennode/map/id/map1/containsValue/value/%7B%22c%22%3A%22java.lang.String%22%2C%22o%22%3A%22val1%22%7DGET
2018-12-04T14:03:21,930 DEBUG (main) [com.goldennode.client.RestClient(signRequest:86)] Signature to be created from : key=ogunay1978@gmail.com,timestamp=1543928601,nonce=e945bbc8-5bf4-440e-b338-98d916fba9e5/goldennode/map/id/map1/containsValue/value/%7B%22c%22%3A%22java.lang.String%22%2C%22o%22%3A%22val4%22%7DGET
2018-12-04T14:03:21,940 DEBUG (main) [com.goldennode.client.RestClient(signRequest:86)] Signature to be created from : key=ogunay1978@gmail.com,timestamp=1543928601,nonce=14020d9a-8f34-4fbe-be2e-9d59535836e6/goldennode/map/id/map1/isEmptyGET
2018-12-04T14:04:02,652 DEBUG (main) [com.goldennode.client.RestClient(signRequest:86)] Signature to be created from : key=ogunay1978@gmail.com,timestamp=1543928642,nonce=d580959a-dba5-4d69-8dbe-b7d2a67da8a6/goldennode/map/id/map0/put/key/%7B%22c%22%3A%22java.lang.String%22%2C%22o%22%3A%221%22%7D{"c":"com.goldennode.client.TestBean","o":{"property1":"String1","property2":1}}POST
2018-12-04T14:04:02,682 DEBUG (main) [com.goldennode.client.RestClient(signRequest:86)] Signature to be created from : key=ogunay1978@gmail.com,timestamp=1543928642,nonce=c20fe0b7-c0e3-4816-b5b3-b7307ad3260f/goldennode/map/id/map0/get/key/%7B%22c%22%3A%22java.lang.String%22%2C%22o%22%3A%221%22%7DGET
2018-12-04T14:04:02,712 DEBUG (main) [com.goldennode.client.RestClient(signRequest:86)] Signature to be created from : key=ogunay1978@gmail.com,timestamp=1543928642,nonce=278e78c6-dc21-446d-81e4-f3bfd52b8c4b/goldennode/map/id/map1/clearDELETE
2018-12-04T14:04:02,724 DEBUG (main) [com.goldennode.client.RestClient(signRequest:86)] Signature to be created from : key=ogunay1978@gmail.com,timestamp=1543928642,nonce=048d3bf7-b004-40b3-9a7a-815e5c6a1682/goldennode/map/id/map1/isEmptyGET
2018-12-04T14:04:02,730 DEBUG (main) [com.goldennode.client.RestClient(signRequest:86)] Signature to be created from : key=ogunay1978@gmail.com,timestamp=1543928642,nonce=e4c9aecb-f2b4-4bc3-bc0d-c7cf0f312474/goldennode/map/id/map1/put/key/%7B%22c%22%3A%22java.lang.String%22%2C%22o%22%3A%22key1%22%7D{"c":"java.lang.String","o":"val1"}POST
2018-12-04T14:04:02,739 DEBUG (main) [com.goldennode.client.RestClient(signRequest:86)] Signature to be created from : key=ogunay1978@gmail.com,timestamp=1543928642,nonce=15d2e9db-1439-4b22-95b0-67fc7652fa21/goldennode/map/id/map1/put/key/%7B%22c%22%3A%22java.lang.String%22%2C%22o%22%3A%22key2%22%7D{"c":"java.lang.String","o":"\"val2\""}POST
2018-12-04T14:04:02,746 DEBUG (main) [com.goldennode.client.RestClient(signRequest:86)] Signature to be created from : key=ogunay1978@gmail.com,timestamp=1543928642,nonce=55e8a6e4-278d-4144-9070-e8eae100f89b/goldennode/map/id/map1/put/key/%7B%22c%22%3A%22java.lang.String%22%2C%22o%22%3A%22key3%22%7D{"c":"java.lang.String","o":"val3"}POST
2018-12-04T14:04:02,754 DEBUG (main) [com.goldennode.client.RestClient(signRequest:86)] Signature to be created from : key=ogunay1978@gmail.com,timestamp=1543928642,nonce=7dd3e59d-3fc6-45bb-b362-0d445f93f68f/goldennode/map/id/map1/get/key/%7B%22c%22%3A%22java.lang.String%22%2C%22o%22%3A%22key1%22%7DGET
2018-12-04T14:04:02,763 DEBUG (main) [com.goldennode.client.RestClient(signRequest:86)] Signature to be created from : key=ogunay1978@gmail.com,timestamp=1543928642,nonce=50b8e3f9-1b12-4266-b9b9-719b03692e53/goldennode/map/id/map1/get/key/%7B%22c%22%3A%22java.lang.String%22%2C%22o%22%3A%22key2%22%7DGET
2018-12-04T14:04:02,770 DEBUG (main) [com.goldennode.client.RestClient(signRequest:86)] Signature to be created from : key=ogunay1978@gmail.com,timestamp=1543928642,nonce=505874fd-da43-4d2d-887c-4e92be272840/goldennode/map/id/map1/get/key/%7B%22c%22%3A%22java.lang.String%22%2C%22o%22%3A%22key3%22%7DGET
2018-12-04T14:04:02,777 DEBUG (main) [com.goldennode.client.RestClient(signRequest:86)] Signature to be created from : key=ogunay1978@gmail.com,timestamp=1543928642,nonce=8e97ea05-a72c-4123-a24d-71c36d94797a/goldennode/map/id/map1/sizeGET
2018-12-04T14:04:02,784 DEBUG (main) [com.goldennode.client.RestClient(signRequest:86)] Signature to be created from : key=ogunay1978@gmail.com,timestamp=1543928642,nonce=275a08ae-e5a4-42fd-a73b-33cd8ee10554/goldennode/map/id/map1/containsKey/key/%7B%22c%22%3A%22java.lang.String%22%2C%22o%22%3A%22key1%22%7DGET
2018-12-04T14:04:02,790 DEBUG (main) [com.goldennode.client.RestClient(signRequest:86)] Signature to be created from : key=ogunay1978@gmail.com,timestamp=1543928642,nonce=e1b4f201-9f17-42da-96e4-1fab59730a95/goldennode/map/id/map1/containsKey/key/%7B%22c%22%3A%22java.lang.String%22%2C%22o%22%3A%22key4%22%7DGET
2018-12-04T14:04:02,796 DEBUG (main) [com.goldennode.client.RestClient(signRequest:86)] Signature to be created from : key=ogunay1978@gmail.com,timestamp=1543928642,nonce=af1b2d70-c1d1-4741-bef2-fdcf0bc763b5/goldennode/map/id/map1/keySetGET
2018-12-04T14:04:02,805 DEBUG (main) [com.goldennode.client.RestClient(signRequest:86)] Signature to be created from : key=ogunay1978@gmail.com,timestamp=1543928642,nonce=89321297-b0fb-490c-bac0-1a0a250cd7b9/goldennode/map/id/map1/valuesGET
2018-12-04T14:04:02,811 DEBUG (main) [com.goldennode.client.RestClient(signRequest:86)] Signature to be created from : key=ogunay1978@gmail.com,timestamp=1543928642,nonce=5f7ae4f1-302a-4db0-9d5e-a00cd27d9f5e/goldennode/map/id/map1/entrySetGET
2018-12-04T14:04:02,819 DEBUG (main) [com.goldennode.client.RestClient(signRequest:86)] Signature to be created from : key=ogunay1978@gmail.com,timestamp=1543928642,nonce=dc3e0d3f-637f-4ecf-87a5-2015767fc826/goldennode/map/id/map1/containsValue/value/%7B%22c%22%3A%22java.lang.String%22%2C%22o%22%3A%22val1%22%7DGET
2018-12-04T14:04:02,848 DEBUG (main) [com.goldennode.client.RestClient(signRequest:86)] Signature to be created from : key=ogunay1978@gmail.com,timestamp=1543928642,nonce=8533bfb4-9c95-4fbe-90df-a629f304be23/goldennode/map/id/map1/containsValue/value/%7B%22c%22%3A%22java.lang.String%22%2C%22o%22%3A%22val4%22%7DGET
2018-12-04T14:04:02,862 DEBUG (main) [com.goldennode.client.RestClient(signRequest:86)] Signature to be created from : key=ogunay1978@gmail.com,timestamp=1543928642,nonce=67e155cc-b092-4dbf-b900-4ebcd0be922a/goldennode/map/id/map1/isEmptyGET
2018-12-04T14:04:02,871 DEBUG (main) [com.goldennode.client.RestClient(signRequest:86)] Signature to be created from : key=ogunay1978@gmail.com,timestamp=1543928642,nonce=85087051-abe5-4d26-a0cd-1b5f18c49817/goldennode/map/id/map1/remove/key/%7B%22c%22%3A%22java.lang.String%22%2C%22o%22%3A%22key1%22%7DDELETE
2018-12-04T14:04:02,880 DEBUG (main) [com.goldennode.client.RestClient(signRequest:86)] Signature to be created from : key=ogunay1978@gmail.com,timestamp=1543928642,nonce=21c938e8-82db-4b27-bfc5-b4b9c22a7229/goldennode/map/id/map1/remove/key/%7B%22c%22%3A%22java.lang.String%22%2C%22o%22%3A%22key2%22%7DDELETE
2018-12-04T14:04:02,888 DEBUG (main) [com.goldennode.client.RestClient(signRequest:86)] Signature to be created from : key=ogunay1978@gmail.com,timestamp=1543928642,nonce=352f9f54-f468-457d-b99c-ccd06c87aabc/goldennode/map/id/map1/remove/key/%7B%22c%22%3A%22java.lang.String%22%2C%22o%22%3A%22key3%22%7DDELETE
2018-12-04T14:04:02,894 DEBUG (main) [com.goldennode.client.RestClient(signRequest:86)] Signature to be created from : key=ogunay1978@gmail.com,timestamp=1543928642,nonce=22786d0d-8c46-41a4-ba6f-6ed16bd3db79/goldennode/map/id/map1/isEmptyGET
2018-12-04T15:02:37,812 DEBUG (main) [com.goldennode.client.RestClient(signRequest:86)] Signature to be created from : key=ogunay1978@gmail.com,timestamp=1543932157,nonce=34843e64-5536-4e82-98cf-afeae6ed3527/goldennode/map/id/map0/put/key/%7B%22c%22%3A%22java.lang.String%22%2C%22o%22%3A%221%22%7D{"c":"com.goldennode.client.TestBean","o":{"property1":"String1","property2":1}}POST
2018-12-04T15:02:37,850 DEBUG (main) [com.goldennode.client.RestClient(signRequest:86)] Signature to be created from : key=ogunay1978@gmail.com,timestamp=1543932157,nonce=5dd25209-e096-43bb-85fb-a5e52a4ab477/goldennode/map/id/map0/get/key/%7B%22c%22%3A%22java.lang.String%22%2C%22o%22%3A%221%22%7DGET
2018-12-04T15:02:37,894 DEBUG (main) [com.goldennode.client.RestClient(signRequest:86)] Signature to be created from : key=ogunay1978@gmail.com,timestamp=1543932157,nonce=9596f6d0-87b8-4295-b03d-95faa5ad88d2/goldennode/map/id/map1/clearDELETE
2018-12-04T15:02:37,906 DEBUG (main) [com.goldennode.client.RestClient(signRequest:86)] Signature to be created from : key=ogunay1978@gmail.com,timestamp=1543932157,nonce=36c6475d-3c62-4ac6-b115-6cb62e4e6c58/goldennode/map/id/map1/isEmptyGET
2018-12-04T15:02:37,913 DEBUG (main) [com.goldennode.client.RestClient(signRequest:86)] Signature to be created from : key=ogunay1978@gmail.com,timestamp=1543932157,nonce=42761195-4811-4e33-a73f-5ef046dc932a/goldennode/map/id/map1/put/key/%7B%22c%22%3A%22java.lang.String%22%2C%22o%22%3A%22key1%22%7D{"c":"java.lang.String","o":"val1"}POST
2018-12-04T15:02:37,932 DEBUG (main) [com.goldennode.client.RestClient(signRequest:86)] Signature to be created from : key=ogunay1978@gmail.com,timestamp=1543932157,nonce=fc911e6b-0479-465a-a67b-263748ab9404/goldennode/map/id/map1/put/key/%7B%22c%22%3A%22java.lang.String%22%2C%22o%22%3A%22key2%22%7D{"c":"java.lang.String","o":"\"val2\""}POST
2018-12-04T15:02:37,948 DEBUG (main) [com.goldennode.client.RestClient(signRequest:86)] Signature to be created from : key=ogunay1978@gmail.com,timestamp=1543932157,nonce=ad4cd029-70ff-4aa6-9632-e73c402ed7f7/goldennode/map/id/map1/put/key/%7B%22c%22%3A%22java.lang.String%22%2C%22o%22%3A%22key3%22%7D{"c":"java.lang.String","o":"val3"}POST
2018-12-04T15:02:37,961 DEBUG (main) [com.goldennode.client.RestClient(signRequest:86)] Signature to be created from : key=ogunay1978@gmail.com,timestamp=1543932157,nonce=30e83113-c5f2-4aa7-8297-e9401dcbd897/goldennode/map/id/map1/get/key/%7B%22c%22%3A%22java.lang.String%22%2C%22o%22%3A%22key1%22%7DGET
2018-12-04T15:02:37,971 DEBUG (main) [com.goldennode.client.RestClient(signRequest:86)] Signature to be created from : key=ogunay1978@gmail.com,timestamp=1543932157,nonce=0fa9d702-9e45-4a79-930d-536466de8a53/goldennode/map/id/map1/get/key/%7B%22c%22%3A%22java.lang.String%22%2C%22o%22%3A%22key2%22%7DGET
2018-12-04T15:02:37,983 DEBUG (main) [com.goldennode.client.RestClient(signRequest:86)] Signature to be created from : key=ogunay1978@gmail.com,timestamp=1543932157,nonce=1dd4ec63-9a08-4dd2-b45d-f450f921530d/goldennode/map/id/map1/get/key/%7B%22c%22%3A%22java.lang.String%22%2C%22o%22%3A%22key3%22%7DGET
2018-12-04T15:02:37,993 DEBUG (main) [com.goldennode.client.RestClient(signRequest:86)] Signature to be created from : key=ogunay1978@gmail.com,timestamp=1543932157,nonce=fa5e34c2-a50e-4917-bee8-04965215686f/goldennode/map/id/map1/sizeGET
2018-12-04T15:02:38,002 DEBUG (main) [com.goldennode.client.RestClient(signRequest:86)] Signature to be created from : key=ogunay1978@gmail.com,timestamp=1543932158,nonce=fff46a2d-11a1-4b52-a385-bed3a3c5fbce/goldennode/map/id/map1/containsKey/key/%7B%22c%22%3A%22java.lang.String%22%2C%22o%22%3A%22key1%22%7DGET
2018-12-04T15:02:38,011 DEBUG (main) [com.goldennode.client.RestClient(signRequest:86)] Signature to be created from : key=ogunay1978@gmail.com,timestamp=1543932158,nonce=febfc2af-442c-4aae-b7d5-04ae6df27b32/goldennode/map/id/map1/containsKey/key/%7B%22c%22%3A%22java.lang.String%22%2C%22o%22%3A%22key4%22%7DGET
2018-12-04T15:02:38,020 DEBUG (main) [com.goldennode.client.RestClient(signRequest:86)] Signature to be created from : key=ogunay1978@gmail.com,timestamp=1543932158,nonce=9d33901d-916a-4074-8471-8524206004f2/goldennode/map/id/map1/keySetGET
2018-12-04T15:02:38,034 DEBUG (main) [com.goldennode.client.RestClient(signRequest:86)] Signature to be created from : key=ogunay1978@gmail.com,timestamp=1543932158,nonce=2b82042e-7a6a-46cd-b4ce-1229740b95bb/goldennode/map/id/map1/valuesGET
2018-12-04T15:02:38,041 DEBUG (main) [com.goldennode.client.RestClient(signRequest:86)] Signature to be created from : key=ogunay1978@gmail.com,timestamp=1543932158,nonce=21d0d9d9-32b3-4186-a748-d1f3e9419d00/goldennode/map/id/map1/entrySetGET
2018-12-04T15:02:38,052 DEBUG (main) [com.goldennode.client.RestClient(signRequest:86)] Signature to be created from : key=ogunay1978@gmail.com,timestamp=1543932158,nonce=00db50b2-cdbb-45c3-bd8b-538b139b0e09/goldennode/map/id/map1/containsValue/value/%7B%22c%22%3A%22java.lang.String%22%2C%22o%22%3A%22val1%22%7DGET
2018-12-04T15:02:38,059 DEBUG (main) [com.goldennode.client.RestClient(signRequest:86)] Signature to be created from : key=ogunay1978@gmail.com,timestamp=1543932158,nonce=908d1510-0490-42ab-98a8-6c702dadd80e/goldennode/map/id/map1/containsValue/value/%7B%22c%22%3A%22java.lang.String%22%2C%22o%22%3A%22val4%22%7DGET
2018-12-04T15:02:38,070 DEBUG (main) [com.goldennode.client.RestClient(signRequest:86)] Signature to be created from : key=ogunay1978@gmail.com,timestamp=1543932158,nonce=b89489f0-3e04-4a14-b832-ab8f6a6c3225/goldennode/map/id/map1/isEmptyGET
2018-12-04T15:02:38,078 DEBUG (main) [com.goldennode.client.RestClient(signRequest:86)] Signature to be created from : key=ogunay1978@gmail.com,timestamp=1543932158,nonce=621cbb40-208a-460f-9a9a-2be7d4efc1a7/goldennode/map/id/map1/remove/key/%7B%22c%22%3A%22java.lang.String%22%2C%22o%22%3A%22key1%22%7DDELETE
2018-12-04T15:02:38,096 DEBUG (main) [com.goldennode.client.RestClient(signRequest:86)] Signature to be created from : key=ogunay1978@gmail.com,timestamp=1543932158,nonce=15d82951-fe13-47fd-afa5-d4e334fad73b/goldennode/map/id/map1/remove/key/%7B%22c%22%3A%22java.lang.String%22%2C%22o%22%3A%22key2%22%7DDELETE
2018-12-04T15:02:38,103 DEBUG (main) [com.goldennode.client.RestClient(signRequest:86)] Signature to be created from : key=ogunay1978@gmail.com,timestamp=1543932158,nonce=b7a4dcbe-73a6-4305-86a2-4fae14ca416d/goldennode/map/id/map1/remove/key/%7B%22c%22%3A%22java.lang.String%22%2C%22o%22%3A%22key3%22%7DDELETE
2018-12-04T15:02:38,112 DEBUG (main) [com.goldennode.client.RestClient(signRequest:86)] Signature to be created from : key=ogunay1978@gmail.com,timestamp=1543932158,nonce=2bf548b7-e340-453b-b8be-2c16b29d7049/goldennode/map/id/map1/isEmptyGET
2018-12-04T15:11:31,159 DEBUG (main) [com.goldennode.client.RestClient(signRequest:86)] Signature to be created from : key=ogunay1978@gmail.com,timestamp=1543932690,nonce=269c46c5-4624-49ee-9468-974aea1715f5/goldennode/map/id/map0/clearDELETE
2018-12-04T15:11:31,210 DEBUG (main) [com.goldennode.client.RestClient(signRequest:86)] Signature to be created from : key=ogunay1978@gmail.com,timestamp=1543932691,nonce=19fa5cf4-1172-449a-9ef4-5c1e1109e648/goldennode/map/id/map0/isEmptyGET
2018-12-04T15:11:31,264 DEBUG (main) [com.goldennode.client.RestClient(signRequest:86)] Signature to be created from : key=ogunay1978@gmail.com,timestamp=1543932691,nonce=df6a2c24-651c-4aa6-91eb-fac594950553/goldennode/map/id/map0/put/key/%7B%22c%22%3A%22java.lang.String%22%2C%22o%22%3A%22key1%22%7D{"c":"com.goldennode.client.TestBean","o":{"property1":"String1","property2":1}}POST
2018-12-04T15:11:31,276 DEBUG (main) [com.goldennode.client.RestClient(signRequest:86)] Signature to be created from : key=ogunay1978@gmail.com,timestamp=1543932691,nonce=06004d2a-e382-45b3-a3b3-52eb842f919c/goldennode/map/id/map0/put/key/%7B%22c%22%3A%22java.lang.String%22%2C%22o%22%3A%22key2%22%7D{"c":"com.goldennode.client.TestBean","o":{"property1":"String2","property2":2}}POST
2018-12-04T15:11:31,289 DEBUG (main) [com.goldennode.client.RestClient(signRequest:86)] Signature to be created from : key=ogunay1978@gmail.com,timestamp=1543932691,nonce=83835b69-fe6c-4712-ad26-6998b69af0c0/goldennode/map/id/map0/get/key/%7B%22c%22%3A%22java.lang.String%22%2C%22o%22%3A%22key1%22%7DGET
2018-12-04T15:12:36,299 DEBUG (main) [com.goldennode.client.RestClient(signRequest:86)] Signature to be created from : key=ogunay1978@gmail.com,timestamp=1543932756,nonce=8562949e-6e8c-426a-bdad-b3e0b37d2c70/goldennode/map/id/map0/clearDELETE
2018-12-04T15:12:36,332 DEBUG (main) [com.goldennode.client.RestClient(signRequest:86)] Signature to be created from : key=ogunay1978@gmail.com,timestamp=1543932756,nonce=0b0490dc-fff6-486e-94bb-e36b54f51668/goldennode/map/id/map0/isEmptyGET
2018-12-04T15:12:36,379 DEBUG (main) [com.goldennode.client.RestClient(signRequest:86)] Signature to be created from : key=ogunay1978@gmail.com,timestamp=1543932756,nonce=6987fab6-4c35-40c8-b1ab-6076e273cbbd/goldennode/map/id/map0/put/key/%7B%22c%22%3A%22java.lang.String%22%2C%22o%22%3A%22key1%22%7D{"c":"com.goldennode.client.TestBean","o":{"property1":"String1","property2":1}}POST
2018-12-04T15:12:36,388 DEBUG (main) [com.goldennode.client.RestClient(signRequest:86)] Signature to be created from : key=ogunay1978@gmail.com,timestamp=1543932756,nonce=0ad5ed34-d639-442e-8e04-9ca17c4db312/goldennode/map/id/map0/put/key/%7B%22c%22%3A%22java.lang.String%22%2C%22o%22%3A%22key2%22%7D{"c":"com.goldennode.client.TestBean","o":{"property1":"String2","property2":2}}POST
2018-12-04T15:12:36,395 DEBUG (main) [com.goldennode.client.RestClient(signRequest:86)] Signature to be created from : key=ogunay1978@gmail.com,timestamp=1543932756,nonce=da79cf01-e704-4357-b77f-d5cbbd1ca1a4/goldennode/map/id/map0/get/key/%7B%22c%22%3A%22java.lang.String%22%2C%22o%22%3A%22key1%22%7DGET
2018-12-04T15:12:36,425 DEBUG (main) [com.goldennode.client.RestClient(signRequest:86)] Signature to be created from : key=ogunay1978@gmail.com,timestamp=1543932756,nonce=74d90fe9-a508-4fa4-ab9f-85d20709da8c/goldennode/map/id/map0/get/key/%7B%22c%22%3A%22java.lang.String%22%2C%22o%22%3A%22key2%22%7DGET
2018-12-04T15:12:36,430 DEBUG (main) [com.goldennode.client.RestClient(signRequest:86)] Signature to be created from : key=ogunay1978@gmail.com,timestamp=1543932756,nonce=5489c479-e1bc-4a49-a88f-59b192b386d4/goldennode/map/id/map0/sizeGET
2018-12-04T15:12:36,438 DEBUG (main) [com.goldennode.client.RestClient(signRequest:86)] Signature to be created from : key=ogunay1978@gmail.com,timestamp=1543932756,nonce=142ed773-a74a-4154-b2b9-4d912bb196b8/goldennode/map/id/map0/containsKey/key/%7B%22c%22%3A%22java.lang.String%22%2C%22o%22%3A%22key1%22%7DGET
2018-12-04T15:12:36,444 DEBUG (main) [com.goldennode.client.RestClient(signRequest:86)] Signature to be created from : key=ogunay1978@gmail.com,timestamp=1543932756,nonce=63f5506e-5c24-4d5d-85a9-11889318b7a9/goldennode/map/id/map0/containsKey/key/%7B%22c%22%3A%22java.lang.String%22%2C%22o%22%3A%22key4%22%7DGET
2018-12-04T15:12:36,451 DEBUG (main) [com.goldennode.client.RestClient(signRequest:86)] Signature to be created from : key=ogunay1978@gmail.com,timestamp=1543932756,nonce=f1762218-f22d-43ee-8947-9e3757129558/goldennode/map/id/map0/keySetGET
2018-12-04T15:12:36,466 DEBUG (main) [com.goldennode.client.RestClient(signRequest:86)] Signature to be created from : key=ogunay1978@gmail.com,timestamp=1543932756,nonce=384fb561-970a-4233-9fb8-93644f8e9bcd/goldennode/map/id/map0/valuesGET
2018-12-04T15:12:45,409 DEBUG (main) [com.goldennode.client.RestClient(signRequest:86)] Signature to be created from : key=ogunay1978@gmail.com,timestamp=1543932765,nonce=8bd02ad5-767a-4807-8fa4-984cfcfdc382/goldennode/map/id/map0/clearDELETE
2018-12-04T15:12:45,444 DEBUG (main) [com.goldennode.client.RestClient(signRequest:86)] Signature to be created from : key=ogunay1978@gmail.com,timestamp=1543932765,nonce=b8e3df48-e856-47e7-b595-2a0f2d829e3a/goldennode/map/id/map0/isEmptyGET
2018-12-04T15:12:45,486 DEBUG (main) [com.goldennode.client.RestClient(signRequest:86)] Signature to be created from : key=ogunay1978@gmail.com,timestamp=1543932765,nonce=4dd5631d-8446-4a9f-b398-d7a844591901/goldennode/map/id/map0/put/key/%7B%22c%22%3A%22java.lang.String%22%2C%22o%22%3A%22key1%22%7D{"c":"com.goldennode.client.TestBean","o":{"property1":"String1","property2":1}}POST
2018-12-04T15:12:45,495 DEBUG (main) [com.goldennode.client.RestClient(signRequest:86)] Signature to be created from : key=ogunay1978@gmail.com,timestamp=1543932765,nonce=280ce1bf-e005-44f5-89b1-5f2613406ff9/goldennode/map/id/map0/put/key/%7B%22c%22%3A%22java.lang.String%22%2C%22o%22%3A%22key2%22%7D{"c":"com.goldennode.client.TestBean","o":{"property1":"String2","property2":2}}POST
2018-12-04T15:12:45,502 DEBUG (main) [com.goldennode.client.RestClient(signRequest:86)] Signature to be created from : key=ogunay1978@gmail.com,timestamp=1543932765,nonce=968cda39-9b79-4d91-bf0a-2e5d39867ebc/goldennode/map/id/map0/get/key/%7B%22c%22%3A%22java.lang.String%22%2C%22o%22%3A%22key1%22%7DGET
2018-12-04T15:12:45,531 DEBUG (main) [com.goldennode.client.RestClient(signRequest:86)] Signature to be created from : key=ogunay1978@gmail.com,timestamp=1543932765,nonce=580cd485-fb2c-4045-b08e-8c6e70212c55/goldennode/map/id/map0/get/key/%7B%22c%22%3A%22java.lang.String%22%2C%22o%22%3A%22key2%22%7DGET
2018-12-04T15:12:45,538 DEBUG (main) [com.goldennode.client.RestClient(signRequest:86)] Signature to be created from : key=ogunay1978@gmail.com,timestamp=1543932765,nonce=c301051b-5b81-4452-8bc0-4122948b4a4b/goldennode/map/id/map0/sizeGET
2018-12-04T15:12:45,546 DEBUG (main) [com.goldennode.client.RestClient(signRequest:86)] Signature to be created from : key=ogunay1978@gmail.com,timestamp=1543932765,nonce=5b0caa1e-48f6-4759-a170-b06431b6691e/goldennode/map/id/map0/containsKey/key/%7B%22c%22%3A%22java.lang.String%22%2C%22o%22%3A%22key1%22%7DGET
2018-12-04T15:12:45,554 DEBUG (main) [com.goldennode.client.RestClient(signRequest:86)] Signature to be created from : key=ogunay1978@gmail.com,timestamp=1543932765,nonce=1c2fc0cc-b3f4-44ed-824b-b963741bcab9/goldennode/map/id/map0/containsKey/key/%7B%22c%22%3A%22java.lang.String%22%2C%22o%22%3A%22key4%22%7DGET
2018-12-04T15:12:45,563 DEBUG (main) [com.goldennode.client.RestClient(signRequest:86)] Signature to be created from : key=ogunay1978@gmail.com,timestamp=1543932765,nonce=92f184e6-80ff-4fea-aaad-aa3662e630a4/goldennode/map/id/map0/keySetGET
2018-12-04T15:12:45,577 DEBUG (main) [com.goldennode.client.RestClient(signRequest:86)] Signature to be created from : key=ogunay1978@gmail.com,timestamp=1543932765,nonce=86b173ea-c070-49ca-b660-5b60e2acae0a/goldennode/map/id/map0/valuesGET
2018-12-04T15:12:45,590 DEBUG (main) [com.goldennode.client.RestClient(signRequest:86)] Signature to be created from : key=ogunay1978@gmail.com,timestamp=1543932765,nonce=cbee8177-e961-41f0-9796-ac25b2a8c51e/goldennode/map/id/map0/entrySetGET
2018-12-04T15:12:54,127 DEBUG (main) [com.goldennode.client.RestClient(signRequest:86)] Signature to be created from : key=ogunay1978@gmail.com,timestamp=1543932773,nonce=c37f01f4-0791-4b50-a6a9-cbefc7cfcb5b/goldennode/map/id/map0/clearDELETE
2018-12-04T15:12:54,166 DEBUG (main) [com.goldennode.client.RestClient(signRequest:86)] Signature to be created from : key=ogunay1978@gmail.com,timestamp=1543932774,nonce=bd8df52f-451b-4cce-adac-24a9fc0c28c3/goldennode/map/id/map0/isEmptyGET
2018-12-04T15:12:54,233 DEBUG (main) [com.goldennode.client.RestClient(signRequest:86)] Signature to be created from : key=ogunay1978@gmail.com,timestamp=1543932774,nonce=cd6eee4e-6ab0-4098-a0b1-f741854e2e9d/goldennode/map/id/map0/put/key/%7B%22c%22%3A%22java.lang.String%22%2C%22o%22%3A%22key1%22%7D{"c":"com.goldennode.client.TestBean","o":{"property1":"String1","property2":1}}POST
2018-12-04T15:12:54,241 DEBUG (main) [com.goldennode.client.RestClient(signRequest:86)] Signature to be created from : key=ogunay1978@gmail.com,timestamp=1543932774,nonce=678d432d-46c6-4ff2-ae40-e62d5fa22efb/goldennode/map/id/map0/put/key/%7B%22c%22%3A%22java.lang.String%22%2C%22o%22%3A%22key2%22%7D{"c":"com.goldennode.client.TestBean","o":{"property1":"String2","property2":2}}POST
2018-12-04T15:12:54,249 DEBUG (main) [com.goldennode.client.RestClient(signRequest:86)] Signature to be created from : key=ogunay1978@gmail.com,timestamp=1543932774,nonce=a3ad00c3-942c-4e10-9716-02be9e44a182/goldennode/map/id/map0/get/key/%7B%22c%22%3A%22java.lang.String%22%2C%22o%22%3A%22key1%22%7DGET
2018-12-04T15:12:54,282 DEBUG (main) [com.goldennode.client.RestClient(signRequest:86)] Signature to be created from : key=ogunay1978@gmail.com,timestamp=1543932774,nonce=3c2fe47f-ad32-47e9-9c7f-45c1329b82ee/goldennode/map/id/map0/get/key/%7B%22c%22%3A%22java.lang.String%22%2C%22o%22%3A%22key2%22%7DGET
2018-12-04T15:12:54,287 DEBUG (main) [com.goldennode.client.RestClient(signRequest:86)] Signature to be created from : key=ogunay1978@gmail.com,timestamp=1543932774,nonce=0a410c45-88ca-4a64-968f-d62335f8c6ed/goldennode/map/id/map0/sizeGET
2018-12-04T15:12:54,293 DEBUG (main) [com.goldennode.client.RestClient(signRequest:86)] Signature to be created from : key=ogunay1978@gmail.com,timestamp=1543932774,nonce=cb52d3ae-d1b7-4079-84d2-71c2137d3243/goldennode/map/id/map0/containsKey/key/%7B%22c%22%3A%22java.lang.String%22%2C%22o%22%3A%22key1%22%7DGET
2018-12-04T15:12:54,304 DEBUG (main) [com.goldennode.client.RestClient(signRequest:86)] Signature to be created from : key=ogunay1978@gmail.com,timestamp=1543932774,nonce=76950956-121d-4f93-9dfc-5777070caced/goldennode/map/id/map0/containsKey/key/%7B%22c%22%3A%22java.lang.String%22%2C%22o%22%3A%22key4%22%7DGET
2018-12-04T15:12:54,310 DEBUG (main) [com.goldennode.client.RestClient(signRequest:86)] Signature to be created from : key=ogunay1978@gmail.com,timestamp=1543932774,nonce=ac62aed2-2cea-40e9-8739-bd964190ffa6/goldennode/map/id/map0/keySetGET
2018-12-04T15:12:54,326 DEBUG (main) [com.goldennode.client.RestClient(signRequest:86)] Signature to be created from : key=ogunay1978@gmail.com,timestamp=1543932774,nonce=546dd6f5-8161-4bcc-b544-d4d3bfbe780f/goldennode/map/id/map0/valuesGET
2018-12-04T15:12:54,336 DEBUG (main) [com.goldennode.client.RestClient(signRequest:86)] Signature to be created from : key=ogunay1978@gmail.com,timestamp=1543932774,nonce=018d6505-6b95-478f-9ad8-9b339d4020c5/goldennode/map/id/map0/entrySetGET
2018-12-04T15:12:54,344 DEBUG (main) [com.goldennode.client.RestClient(signRequest:86)] Signature to be created from : key=ogunay1978@gmail.com,timestamp=1543932774,nonce=e8731d11-8e77-41b2-bdee-c70ced7ef149/goldennode/map/id/map0/containsValue/value/%7B%22c%22%3A%22com.goldennode.client.TestBean%22%2C%22o%22%3A%7B%22property1%22%3A%22String1%22%2C%22property2%22%3A1%7D%7DGET
2018-12-04T15:12:54,350 DEBUG (main) [com.goldennode.client.RestClient(signRequest:86)] Signature to be created from : key=ogunay1978@gmail.com,timestamp=1543932774,nonce=7d0b25d8-4063-4b64-a96f-b38bc711f74d/goldennode/map/id/map0/containsValue/value/%7B%22c%22%3A%22com.goldennode.client.TestBean%22%2C%22o%22%3A%7B%22property1%22%3A%22N%2FA%22%2C%22property2%22%3A-1%7D%7DGET
2018-12-04T15:14:15,903 DEBUG (main) [com.goldennode.client.RestClient(signRequest:86)] Signature to be created from : key=ogunay1978@gmail.com,timestamp=1543932855,nonce=0e002443-dc2d-45ed-968b-a594caea4152/goldennode/map/id/map0/clearDELETE
2018-12-04T15:14:15,952 DEBUG (main) [com.goldennode.client.RestClient(signRequest:86)] Signature to be created from : key=ogunay1978@gmail.com,timestamp=1543932855,nonce=6e5393a5-be43-4387-8ccb-b50378b3e7c4/goldennode/map/id/map0/isEmptyGET
2018-12-04T15:14:16,003 DEBUG (main) [com.goldennode.client.RestClient(signRequest:86)] Signature to be created from : key=ogunay1978@gmail.com,timestamp=1543932856,nonce=e9180396-3d1f-42f9-b94a-cc3e42b6cfbd/goldennode/map/id/map0/put/key/%7B%22c%22%3A%22java.lang.String%22%2C%22o%22%3A%22key1%22%7D{"c":"com.goldennode.client.TestBean","o":{"property1":"String1","property2":1}}POST
2018-12-04T15:14:16,011 DEBUG (main) [com.goldennode.client.RestClient(signRequest:86)] Signature to be created from : key=ogunay1978@gmail.com,timestamp=1543932856,nonce=6cca0626-aca9-4a3b-8bf0-124bef2b013b/goldennode/map/id/map0/put/key/%7B%22c%22%3A%22java.lang.String%22%2C%22o%22%3A%22key2%22%7D{"c":"com.goldennode.client.TestBean","o":{"property1":"String2","property2":2}}POST
2018-12-04T15:14:16,017 DEBUG (main) [com.goldennode.client.RestClient(signRequest:86)] Signature to be created from : key=ogunay1978@gmail.com,timestamp=1543932856,nonce=ef7081ac-91b3-45d4-a5d4-66290d256890/goldennode/map/id/map0/get/key/%7B%22c%22%3A%22java.lang.String%22%2C%22o%22%3A%22key1%22%7DGET
2018-12-04T15:14:16,046 DEBUG (main) [com.goldennode.client.RestClient(signRequest:86)] Signature to be created from : key=ogunay1978@gmail.com,timestamp=1543932856,nonce=d4b1a233-db43-4471-8a72-4f46849e4a1e/goldennode/map/id/map0/get/key/%7B%22c%22%3A%22java.lang.String%22%2C%22o%22%3A%22key2%22%7DGET
2018-12-04T15:14:16,051 DEBUG (main) [com.goldennode.client.RestClient(signRequest:86)] Signature to be created from : key=ogunay1978@gmail.com,timestamp=1543932856,nonce=2728da19-f8e1-4a32-b0cb-e9d4ea1666b6/goldennode/map/id/map0/sizeGET
2018-12-04T15:14:16,056 DEBUG (main) [com.goldennode.client.RestClient(signRequest:86)] Signature to be created from : key=ogunay1978@gmail.com,timestamp=1543932856,nonce=983f2bc0-30bb-4195-b9ab-7e32a67bea69/goldennode/map/id/map0/containsKey/key/%7B%22c%22%3A%22java.lang.String%22%2C%22o%22%3A%22key1%22%7DGET
2018-12-04T15:14:16,063 DEBUG (main) [com.goldennode.client.RestClient(signRequest:86)] Signature to be created from : key=ogunay1978@gmail.com,timestamp=1543932856,nonce=7321b03c-4af5-4bec-acb8-69d6952dba9b/goldennode/map/id/map0/containsKey/key/%7B%22c%22%3A%22java.lang.String%22%2C%22o%22%3A%22key4%22%7DGET
2018-12-04T15:14:16,070 DEBUG (main) [com.goldennode.client.RestClient(signRequest:86)] Signature to be created from : key=ogunay1978@gmail.com,timestamp=1543932856,nonce=9aea684b-5a76-4274-ad53-13f3229dbe6e/goldennode/map/id/map0/keySetGET
2018-12-04T15:14:16,082 DEBUG (main) [com.goldennode.client.RestClient(signRequest:86)] Signature to be created from : key=ogunay1978@gmail.com,timestamp=1543932856,nonce=2865fe83-9ef0-421d-a5c8-0168708055e1/goldennode/map/id/map0/valuesGET
2018-12-04T15:14:16,088 DEBUG (main) [com.goldennode.client.RestClient(signRequest:86)] Signature to be created from : key=ogunay1978@gmail.com,timestamp=1543932856,nonce=cbf75227-e828-48e0-9f95-0f3507fbe8a2/goldennode/map/id/map0/entrySetGET
2018-12-04T15:14:16,095 DEBUG (main) [com.goldennode.client.RestClient(signRequest:86)] Signature to be created from : key=ogunay1978@gmail.com,timestamp=1543932856,nonce=1c7a21d3-2ccd-4615-acf1-4130683f3c5e/goldennode/map/id/map0/containsValue/value/%7B%22c%22%3A%22com.goldennode.client.TestBean%22%2C%22o%22%3A%7B%22property1%22%3A%22String1%22%2C%22property2%22%3A1%7D%7DGET
2018-12-04T15:14:16,102 DEBUG (main) [com.goldennode.client.RestClient(signRequest:86)] Signature to be created from : key=ogunay1978@gmail.com,timestamp=1543932856,nonce=ca1e002a-fe5b-429e-8b04-295c86aeacdb/goldennode/map/id/map0/containsValue/value/%7B%22c%22%3A%22com.goldennode.client.TestBean%22%2C%22o%22%3A%7B%22property1%22%3A%22NA%22%2C%22property2%22%3A1%7D%7DGET
2018-12-04T15:14:16,110 DEBUG (main) [com.goldennode.client.RestClient(signRequest:86)] Signature to be created from : key=ogunay1978@gmail.com,timestamp=1543932856,nonce=7eb61d8a-5e9a-4f3d-8ea6-3193f0835553/goldennode/map/id/map0/isEmptyGET
2018-12-04T15:14:16,117 DEBUG (main) [com.goldennode.client.RestClient(signRequest:86)] Signature to be created from : key=ogunay1978@gmail.com,timestamp=1543932856,nonce=618cdf84-e88d-4dc2-8d7d-7927af52352f/goldennode/map/id/map0/remove/key/%7B%22c%22%3A%22java.lang.String%22%2C%22o%22%3A%22key1%22%7DDELETE
2018-12-04T15:14:16,125 DEBUG (main) [com.goldennode.client.RestClient(signRequest:86)] Signature to be created from : key=ogunay1978@gmail.com,timestamp=1543932856,nonce=a55d2551-2a7d-4c9c-8369-9a75731e42fb/goldennode/map/id/map0/remove/key/%7B%22c%22%3A%22java.lang.String%22%2C%22o%22%3A%22key2%22%7DDELETE
2018-12-04T15:14:16,139 DEBUG (main) [com.goldennode.client.RestClient(signRequest:86)] Signature to be created from : key=ogunay1978@gmail.com,timestamp=1543932856,nonce=a0681eaa-1f3c-4436-8df1-06ce212d2391/goldennode/map/id/map0/isEmptyGET
2018-12-04T15:14:16,154 DEBUG (main) [com.goldennode.client.RestClient(signRequest:86)] Signature to be created from : key=ogunay1978@gmail.com,timestamp=1543932856,nonce=64b8bd88-c2aa-4eb6-8279-a5d025dd97e2/goldennode/map/id/map1/clearDELETE
2018-12-04T15:14:16,162 DEBUG (main) [com.goldennode.client.RestClient(signRequest:86)] Signature to be created from : key=ogunay1978@gmail.com,timestamp=1543932856,nonce=254a2db7-f5e3-4dda-8fcc-3ddadd572c8b/goldennode/map/id/map1/isEmptyGET
2018-12-04T15:14:16,170 DEBUG (main) [com.goldennode.client.RestClient(signRequest:86)] Signature to be created from : key=ogunay1978@gmail.com,timestamp=1543932856,nonce=edd3d206-7510-4a3f-bf48-314786f6974f/goldennode/map/id/map1/put/key/%7B%22c%22%3A%22java.lang.String%22%2C%22o%22%3A%22key1%22%7D{"c":"java.lang.String","o":"val1"}POST
2018-12-04T15:14:16,177 DEBUG (main) [com.goldennode.client.RestClient(signRequest:86)] Signature to be created from : key=ogunay1978@gmail.com,timestamp=1543932856,nonce=5949de82-6cb8-414e-ae52-f897854be922/goldennode/map/id/map1/put/key/%7B%22c%22%3A%22java.lang.String%22%2C%22o%22%3A%22key2%22%7D{"c":"java.lang.String","o":"\"val2\""}POST
2018-12-04T15:14:16,191 DEBUG (main) [com.goldennode.client.RestClient(signRequest:86)] Signature to be created from : key=ogunay1978@gmail.com,timestamp=1543932856,nonce=81f9fea2-f8ee-4a89-94a9-6f98da6ec8fb/goldennode/map/id/map1/put/key/%7B%22c%22%3A%22java.lang.String%22%2C%22o%22%3A%22key3%22%7D{"c":"java.lang.String","o":"val3"}POST
2018-12-04T15:14:16,199 DEBUG (main) [com.goldennode.client.RestClient(signRequest:86)] Signature to be created from : key=ogunay1978@gmail.com,timestamp=1543932856,nonce=88d42ff5-3ad9-4415-a8af-9c098fb86a01/goldennode/map/id/map1/get/key/%7B%22c%22%3A%22java.lang.String%22%2C%22o%22%3A%22key1%22%7DGET
2018-12-04T15:14:16,205 DEBUG (main) [com.goldennode.client.RestClient(signRequest:86)] Signature to be created from : key=ogunay1978@gmail.com,timestamp=1543932856,nonce=1fdbe1eb-af22-4ca9-99c1-a26f30b68119/goldennode/map/id/map1/get/key/%7B%22c%22%3A%22java.lang.String%22%2C%22o%22%3A%22key2%22%7DGET
2018-12-04T15:14:16,212 DEBUG (main) [com.goldennode.client.RestClient(signRequest:86)] Signature to be created from : key=ogunay1978@gmail.com,timestamp=1543932856,nonce=8057059a-ff4a-4c60-9625-139fe6f38c03/goldennode/map/id/map1/get/key/%7B%22c%22%3A%22java.lang.String%22%2C%22o%22%3A%22key3%22%7DGET
2018-12-04T15:14:16,222 DEBUG (main) [com.goldennode.client.RestClient(signRequest:86)] Signature to be created from : key=ogunay1978@gmail.com,timestamp=1543932856,nonce=d50bb5bb-8b71-435e-8fcb-44723e1a307d/goldennode/map/id/map1/sizeGET
2018-12-04T15:14:16,231 DEBUG (main) [com.goldennode.client.RestClient(signRequest:86)] Signature to be created from : key=ogunay1978@gmail.com,timestamp=1543932856,nonce=17212e40-a638-465e-989a-2f3b84213e90/goldennode/map/id/map1/containsKey/key/%7B%22c%22%3A%22java.lang.String%22%2C%22o%22%3A%22key1%22%7DGET
2018-12-04T15:14:16,245 DEBUG (main) [com.goldennode.client.RestClient(signRequest:86)] Signature to be created from : key=ogunay1978@gmail.com,timestamp=1543932856,nonce=b523f01c-f4a9-4a4c-8345-ba2323669deb/goldennode/map/id/map1/containsKey/key/%7B%22c%22%3A%22java.lang.String%22%2C%22o%22%3A%22key4%22%7DGET
2018-12-04T15:14:16,251 DEBUG (main) [com.goldennode.client.RestClient(signRequest:86)] Signature to be created from : key=ogunay1978@gmail.com,timestamp=1543932856,nonce=20c2e7d1-4108-46ab-8317-3a0abe3353dc/goldennode/map/id/map1/keySetGET
2018-12-04T15:14:16,258 DEBUG (main) [com.goldennode.client.RestClient(signRequest:86)] Signature to be created from : key=ogunay1978@gmail.com,timestamp=1543932856,nonce=5092d4b1-e7fe-491c-9121-2665e6658260/goldennode/map/id/map1/valuesGET
2018-12-04T15:14:16,264 DEBUG (main) [com.goldennode.client.RestClient(signRequest:86)] Signature to be created from : key=ogunay1978@gmail.com,timestamp=1543932856,nonce=466e979f-a615-4482-8c77-acc89e6bbf4e/goldennode/map/id/map1/entrySetGET
2018-12-04T15:14:16,273 DEBUG (main) [com.goldennode.client.RestClient(signRequest:86)] Signature to be created from : key=ogunay1978@gmail.com,timestamp=1543932856,nonce=cad2aead-5475-41b9-915f-c2124f76d550/goldennode/map/id/map1/containsValue/value/%7B%22c%22%3A%22java.lang.String%22%2C%22o%22%3A%22val1%22%7DGET
2018-12-04T15:14:16,281 DEBUG (main) [com.goldennode.client.RestClient(signRequest:86)] Signature to be created from : key=ogunay1978@gmail.com,timestamp=1543932856,nonce=8a5c91f6-cd8f-469a-89d7-260fa2425527/goldennode/map/id/map1/containsValue/value/%7B%22c%22%3A%22java.lang.String%22%2C%22o%22%3A%22val4%22%7DGET
2018-12-04T15:14:16,287 DEBUG (main) [com.goldennode.client.RestClient(signRequest:86)] Signature to be created from : key=ogunay1978@gmail.com,timestamp=1543932856,nonce=402573d7-e52b-4b2e-9a99-ac4c65226494/goldennode/map/id/map1/isEmptyGET
2018-12-04T15:14:16,295 DEBUG (main) [com.goldennode.client.RestClient(signRequest:86)] Signature to be created from : key=ogunay1978@gmail.com,timestamp=1543932856,nonce=110a9752-7440-4e2a-b67a-d59fc57f057f/goldennode/map/id/map1/remove/key/%7B%22c%22%3A%22java.lang.String%22%2C%22o%22%3A%22key1%22%7DDELETE
2018-12-04T15:14:16,307 DEBUG (main) [com.goldennode.client.RestClient(signRequest:86)] Signature to be created from : key=ogunay1978@gmail.com,timestamp=1543932856,nonce=170d3f39-5a9d-4da1-8786-218376e706b5/goldennode/map/id/map1/remove/key/%7B%22c%22%3A%22java.lang.String%22%2C%22o%22%3A%22key2%22%7DDELETE
2018-12-04T15:14:16,314 DEBUG (main) [com.goldennode.client.RestClient(signRequest:86)] Signature to be created from : key=ogunay1978@gmail.com,timestamp=1543932856,nonce=fe03d235-4d1b-456c-a0f7-1c461ddc2c93/goldennode/map/id/map1/remove/key/%7B%22c%22%3A%22java.lang.String%22%2C%22o%22%3A%22key3%22%7DDELETE
2018-12-04T15:14:16,323 DEBUG (main) [com.goldennode.client.RestClient(signRequest:86)] Signature to be created from : key=ogunay1978@gmail.com,timestamp=1543932856,nonce=0dc30550-91ee-49fe-9cfa-e1e812717eed/goldennode/map/id/map1/isEmptyGET
2018-12-04T15:14:24,195 DEBUG (main) [com.goldennode.client.RestClient(signRequest:86)] Signature to be created from : key=ogunay1978@gmail.com,timestamp=1543932864,nonce=8dfa867c-10b1-4c07-84d4-bca9ec78be49/goldennode/map/id/map0/clearDELETE
2018-12-04T15:14:24,237 DEBUG (main) [com.goldennode.client.RestClient(signRequest:86)] Signature to be created from : key=ogunay1978@gmail.com,timestamp=1543932864,nonce=c64f14f9-956e-4218-bbc1-5351792e9981/goldennode/map/id/map0/isEmptyGET
2018-12-04T15:14:24,287 DEBUG (main) [com.goldennode.client.RestClient(signRequest:86)] Signature to be created from : key=ogunay1978@gmail.com,timestamp=1543932864,nonce=c89464ad-73b8-4a02-98aa-d8eb73d88f33/goldennode/map/id/map0/put/key/%7B%22c%22%3A%22java.lang.String%22%2C%22o%22%3A%22key1%22%7D{"c":"com.goldennode.client.TestBean","o":{"property1":"String1","property2":1}}POST
2018-12-04T15:14:24,296 DEBUG (main) [com.goldennode.client.RestClient(signRequest:86)] Signature to be created from : key=ogunay1978@gmail.com,timestamp=1543932864,nonce=af237c27-0855-4148-8a3e-123fdffa76f3/goldennode/map/id/map0/put/key/%7B%22c%22%3A%22java.lang.String%22%2C%22o%22%3A%22key2%22%7D{"c":"com.goldennode.client.TestBean","o":{"property1":"String2","property2":2}}POST
2018-12-04T15:14:24,304 DEBUG (main) [com.goldennode.client.RestClient(signRequest:86)] Signature to be created from : key=ogunay1978@gmail.com,timestamp=1543932864,nonce=8194fcae-1f23-47c2-8743-8a210337092b/goldennode/map/id/map0/get/key/%7B%22c%22%3A%22java.lang.String%22%2C%22o%22%3A%22key1%22%7DGET
2018-12-04T15:14:24,332 DEBUG (main) [com.goldennode.client.RestClient(signRequest:86)] Signature to be created from : key=ogunay1978@gmail.com,timestamp=1543932864,nonce=dc40760c-2a8c-4180-a132-981c93008081/goldennode/map/id/map0/get/key/%7B%22c%22%3A%22java.lang.String%22%2C%22o%22%3A%22key2%22%7DGET
2018-12-04T15:14:24,338 DEBUG (main) [com.goldennode.client.RestClient(signRequest:86)] Signature to be created from : key=ogunay1978@gmail.com,timestamp=1543932864,nonce=885c751c-c27a-4be5-b473-489c9d3c705c/goldennode/map/id/map0/sizeGET
2018-12-04T15:14:24,351 DEBUG (main) [com.goldennode.client.RestClient(signRequest:86)] Signature to be created from : key=ogunay1978@gmail.com,timestamp=1543932864,nonce=c9347220-07a8-48db-9800-ddf862a75155/goldennode/map/id/map0/containsKey/key/%7B%22c%22%3A%22java.lang.String%22%2C%22o%22%3A%22key1%22%7DGET
2018-12-04T15:14:24,360 DEBUG (main) [com.goldennode.client.RestClient(signRequest:86)] Signature to be created from : key=ogunay1978@gmail.com,timestamp=1543932864,nonce=e969bee6-34d8-4b39-8da4-50da704342ea/goldennode/map/id/map0/containsKey/key/%7B%22c%22%3A%22java.lang.String%22%2C%22o%22%3A%22key4%22%7DGET
2018-12-04T15:14:24,371 DEBUG (main) [com.goldennode.client.RestClient(signRequest:86)] Signature to be created from : key=ogunay1978@gmail.com,timestamp=1543932864,nonce=f1dfaf8b-9f81-43fa-8af1-28688e24cbb3/goldennode/map/id/map0/keySetGET
2018-12-04T15:14:24,385 DEBUG (main) [com.goldennode.client.RestClient(signRequest:86)] Signature to be created from : key=ogunay1978@gmail.com,timestamp=1543932864,nonce=135e5712-6449-4d4c-b3ad-3c1a82cf3072/goldennode/map/id/map0/valuesGET
2018-12-04T15:14:24,392 DEBUG (main) [com.goldennode.client.RestClient(signRequest:86)] Signature to be created from : key=ogunay1978@gmail.com,timestamp=1543932864,nonce=e7d86308-dde0-413f-9144-72b961e0bb2b/goldennode/map/id/map0/entrySetGET
2018-12-04T15:14:24,399 DEBUG (main) [com.goldennode.client.RestClient(signRequest:86)] Signature to be created from : key=ogunay1978@gmail.com,timestamp=1543932864,nonce=5942ce8a-a142-49c6-b6ee-f707ca78526e/goldennode/map/id/map0/containsValue/value/%7B%22c%22%3A%22com.goldennode.client.TestBean%22%2C%22o%22%3A%7B%22property1%22%3A%22String1%22%2C%22property2%22%3A1%7D%7DGET
2018-12-04T15:14:24,407 DEBUG (main) [com.goldennode.client.RestClient(signRequest:86)] Signature to be created from : key=ogunay1978@gmail.com,timestamp=1543932864,nonce=aa63bcf5-eefb-445d-92a3-2b80c695980e/goldennode/map/id/map0/containsValue/value/%7B%22c%22%3A%22com.goldennode.client.TestBean%22%2C%22o%22%3A%7B%22property1%22%3A%22N%2FA%22%2C%22property2%22%3A-1%7D%7DGET
2018-12-04T15:14:46,119 DEBUG (main) [com.goldennode.client.RestClient(signRequest:86)] Signature to be created from : key=ogunay1978@gmail.com,timestamp=1543932885,nonce=c9649053-130d-402c-9a98-398c9000920b/goldennode/map/id/map0/clearDELETE
2018-12-04T15:14:46,178 DEBUG (main) [com.goldennode.client.RestClient(signRequest:86)] Signature to be created from : key=ogunay1978@gmail.com,timestamp=1543932886,nonce=403d4787-22d5-4097-8d83-f05eb87f02ec/goldennode/map/id/map0/isEmptyGET
2018-12-04T15:14:46,223 DEBUG (main) [com.goldennode.client.RestClient(signRequest:86)] Signature to be created from : key=ogunay1978@gmail.com,timestamp=1543932886,nonce=816ed655-102e-40e7-bb53-d33f1dea486a/goldennode/map/id/map0/put/key/%7B%22c%22%3A%22java.lang.String%22%2C%22o%22%3A%22key1%22%7D{"c":"com.goldennode.client.TestBean","o":{"property1":"String1","property2":1}}POST
2018-12-04T15:14:46,231 DEBUG (main) [com.goldennode.client.RestClient(signRequest:86)] Signature to be created from : key=ogunay1978@gmail.com,timestamp=1543932886,nonce=8ea41347-01fb-42be-8dc6-527a4235fa50/goldennode/map/id/map0/put/key/%7B%22c%22%3A%22java.lang.String%22%2C%22o%22%3A%22key2%22%7D{"c":"com.goldennode.client.TestBean","o":{"property1":"String2","property2":2}}POST
2018-12-04T15:14:46,237 DEBUG (main) [com.goldennode.client.RestClient(signRequest:86)] Signature to be created from : key=ogunay1978@gmail.com,timestamp=1543932886,nonce=fa256b91-dc76-4097-9788-b38041291924/goldennode/map/id/map0/get/key/%7B%22c%22%3A%22java.lang.String%22%2C%22o%22%3A%22key1%22%7DGET
2018-12-04T15:14:46,272 DEBUG (main) [com.goldennode.client.RestClient(signRequest:86)] Signature to be created from : key=ogunay1978@gmail.com,timestamp=1543932886,nonce=c104a7e5-c6fa-4abb-98a9-86f88c00c35a/goldennode/map/id/map0/get/key/%7B%22c%22%3A%22java.lang.String%22%2C%22o%22%3A%22key2%22%7DGET
2018-12-04T15:14:46,288 DEBUG (main) [com.goldennode.client.RestClient(signRequest:86)] Signature to be created from : key=ogunay1978@gmail.com,timestamp=1543932886,nonce=b53c9615-f68d-49c4-967e-3d77568bf1da/goldennode/map/id/map0/sizeGET
2018-12-04T15:14:46,295 DEBUG (main) [com.goldennode.client.RestClient(signRequest:86)] Signature to be created from : key=ogunay1978@gmail.com,timestamp=1543932886,nonce=833764b0-3bcf-4544-831a-289b01b613e9/goldennode/map/id/map0/containsKey/key/%7B%22c%22%3A%22java.lang.String%22%2C%22o%22%3A%22key1%22%7DGET
2018-12-04T15:14:46,302 DEBUG (main) [com.goldennode.client.RestClient(signRequest:86)] Signature to be created from : key=ogunay1978@gmail.com,timestamp=1543932886,nonce=28a59808-e261-4470-a4b8-180baba2c6de/goldennode/map/id/map0/containsKey/key/%7B%22c%22%3A%22java.lang.String%22%2C%22o%22%3A%22key4%22%7DGET
2018-12-04T15:14:46,311 DEBUG (main) [com.goldennode.client.RestClient(signRequest:86)] Signature to be created from : key=ogunay1978@gmail.com,timestamp=1543932886,nonce=bf92fe1a-6ffc-448f-9a82-fe525a3f1015/goldennode/map/id/map0/keySetGET
2018-12-04T15:14:46,322 DEBUG (main) [com.goldennode.client.RestClient(signRequest:86)] Signature to be created from : key=ogunay1978@gmail.com,timestamp=1543932886,nonce=232dd630-8bfc-4c25-94ff-256ba4386b3f/goldennode/map/id/map0/valuesGET
2018-12-04T15:14:46,329 DEBUG (main) [com.goldennode.client.RestClient(signRequest:86)] Signature to be created from : key=ogunay1978@gmail.com,timestamp=1543932886,nonce=700502e7-17b4-49ee-8b39-9d27744649d7/goldennode/map/id/map0/entrySetGET
2018-12-04T15:14:52,035 DEBUG (main) [com.goldennode.client.RestClient(signRequest:86)] Signature to be created from : key=ogunay1978@gmail.com,timestamp=1543932892,nonce=e23ea986-f898-4647-a3f5-f51354b6a0a4/goldennode/map/id/map0/containsValue/value/%7B%22c%22%3A%22com.goldennode.client.TestBean%22%2C%22o%22%3A%7B%22property1%22%3A%22String1%22%2C%22property2%22%3A1%7D%7DGET
2018-12-04T15:15:31,623 DEBUG (main) [com.goldennode.client.RestClient(signRequest:86)] Signature to be created from : key=ogunay1978@gmail.com,timestamp=1543932931,nonce=90c74ba4-dbaf-4b72-ae59-6581eb383ed6/goldennode/map/id/map0/containsValue/value/%7B%22c%22%3A%22com.goldennode.client.TestBean%22%2C%22o%22%3A%7B%22property1%22%3A%22N%2FA%22%2C%22property2%22%3A-1%7D%7DGET
2018-12-04T15:18:55,431 DEBUG (main) [com.goldennode.client.RestClient(signRequest:86)] Signature to be created from : key=ogunay1978@gmail.com,timestamp=1543933135,nonce=89c51e96-b165-4ebc-880d-fd2dc4e0db19/goldennode/map/id/map0/clearDELETE
2018-12-04T15:18:55,469 DEBUG (main) [com.goldennode.client.RestClient(signRequest:86)] Signature to be created from : key=ogunay1978@gmail.com,timestamp=1543933135,nonce=85678b5b-cd0f-47dc-84ad-b00c071a20bd/goldennode/map/id/map0/isEmptyGET
2018-12-04T15:18:55,520 DEBUG (main) [com.goldennode.client.RestClient(signRequest:86)] Signature to be created from : key=ogunay1978@gmail.com,timestamp=1543933135,nonce=7e0a60c1-e322-4b8e-be44-5300cdae3092/goldennode/map/id/map0/put/key/%7B%22c%22%3A%22java.lang.String%22%2C%22o%22%3A%22key1%22%7D{"c":"com.goldennode.client.TestBean","o":{"property1":"String1","property2":1}}POST
2018-12-04T15:18:55,528 DEBUG (main) [com.goldennode.client.RestClient(signRequest:86)] Signature to be created from : key=ogunay1978@gmail.com,timestamp=1543933135,nonce=a5b2dc42-f8eb-4ec7-98dd-2cb0425d5409/goldennode/map/id/map0/put/key/%7B%22c%22%3A%22java.lang.String%22%2C%22o%22%3A%22key2%22%7D{"c":"com.goldennode.client.TestBean","o":{"property1":"String2","property2":2}}POST
2018-12-04T15:18:55,536 DEBUG (main) [com.goldennode.client.RestClient(signRequest:86)] Signature to be created from : key=ogunay1978@gmail.com,timestamp=1543933135,nonce=59340d2c-c273-4fac-9d23-cab10e64f014/goldennode/map/id/map0/get/key/%7B%22c%22%3A%22java.lang.String%22%2C%22o%22%3A%22key1%22%7DGET
2018-12-04T15:18:55,563 DEBUG (main) [com.goldennode.client.RestClient(signRequest:86)] Signature to be created from : key=ogunay1978@gmail.com,timestamp=1543933135,nonce=ca97b106-5d67-4f7e-9441-dd890378e0db/goldennode/map/id/map0/get/key/%7B%22c%22%3A%22java.lang.String%22%2C%22o%22%3A%22key2%22%7DGET
2018-12-04T15:18:55,570 DEBUG (main) [com.goldennode.client.RestClient(signRequest:86)] Signature to be created from : key=ogunay1978@gmail.com,timestamp=1543933135,nonce=30c8b5c9-7cde-4f14-854a-364bb883d0d9/goldennode/map/id/map0/sizeGET
2018-12-04T15:18:55,577 DEBUG (main) [com.goldennode.client.RestClient(signRequest:86)] Signature to be created from : key=ogunay1978@gmail.com,timestamp=1543933135,nonce=e08cc4f1-b500-4ed1-bf0c-c07c533994d7/goldennode/map/id/map0/containsKey/key/%7B%22c%22%3A%22java.lang.String%22%2C%22o%22%3A%22key1%22%7DGET
2018-12-04T15:18:55,583 DEBUG (main) [com.goldennode.client.RestClient(signRequest:86)] Signature to be created from : key=ogunay1978@gmail.com,timestamp=1543933135,nonce=04b39f15-b303-47f2-bef3-df717764ee95/goldennode/map/id/map0/containsKey/key/%7B%22c%22%3A%22java.lang.String%22%2C%22o%22%3A%22key4%22%7DGET
2018-12-04T15:18:55,589 DEBUG (main) [com.goldennode.client.RestClient(signRequest:86)] Signature to be created from : key=ogunay1978@gmail.com,timestamp=1543933135,nonce=06a452a6-2413-4da7-9f10-e80195a42a1d/goldennode/map/id/map0/keySetGET
2018-12-04T15:18:55,599 DEBUG (main) [com.goldennode.client.RestClient(signRequest:86)] Signature to be created from : key=ogunay1978@gmail.com,timestamp=1543933135,nonce=697deeaf-72e4-4d13-9388-f0e95955e452/goldennode/map/id/map0/valuesGET
2018-12-04T15:18:55,605 DEBUG (main) [com.goldennode.client.RestClient(signRequest:86)] Signature to be created from : key=ogunay1978@gmail.com,timestamp=1543933135,nonce=e4c663e9-e839-427f-a9d0-de9a7547042e/goldennode/map/id/map0/entrySetGET
2018-12-04T15:18:55,611 DEBUG (main) [com.goldennode.client.RestClient(signRequest:86)] Signature to be created from : key=ogunay1978@gmail.com,timestamp=1543933135,nonce=449d9bdf-6f01-4812-9919-124d69fd2272/goldennode/map/id/map0/containsValue/value/%7B%22c%22%3A%22com.goldennode.client.TestBean%22%2C%22o%22%3A%7B%22property1%22%3A%22String1%22%2C%22property2%22%3A1%7D%7DGET
2018-12-04T15:18:55,617 DEBUG (main) [com.goldennode.client.RestClient(signRequest:86)] Signature to be created from : key=ogunay1978@gmail.com,timestamp=1543933135,nonce=0f3fb8d7-b7bd-4601-9985-31b7949fd96e/goldennode/map/id/map0/containsValue/value/%7B%22c%22%3A%22com.goldennode.client.TestBean%22%2C%22o%22%3A%7B%22property1%22%3A%22N%2FA%22%2C%22property2%22%3A1%7D%7DGET
2018-12-04T15:19:02,880 DEBUG (main) [com.goldennode.client.RestClient(signRequest:86)] Signature to be created from : key=ogunay1978@gmail.com,timestamp=1543933142,nonce=e2cb947e-0425-48cc-961d-cd51094bc1cf/goldennode/map/id/map0/clearDELETE
2018-12-04T15:19:02,919 DEBUG (main) [com.goldennode.client.RestClient(signRequest:86)] Signature to be created from : key=ogunay1978@gmail.com,timestamp=1543933142,nonce=38e270f9-e944-40e1-871d-144fe6f131ad/goldennode/map/id/map0/isEmptyGET
2018-12-04T15:19:02,979 DEBUG (main) [com.goldennode.client.RestClient(signRequest:86)] Signature to be created from : key=ogunay1978@gmail.com,timestamp=1543933142,nonce=aa9e4fe1-4896-42da-87eb-2785326df1ea/goldennode/map/id/map0/put/key/%7B%22c%22%3A%22java.lang.String%22%2C%22o%22%3A%22key1%22%7D{"c":"com.goldennode.client.TestBean","o":{"property1":"String1","property2":1}}POST
2018-12-04T15:19:02,992 DEBUG (main) [com.goldennode.client.RestClient(signRequest:86)] Signature to be created from : key=ogunay1978@gmail.com,timestamp=1543933142,nonce=2ada9f48-b558-4e1f-8a01-03420ba1f2f1/goldennode/map/id/map0/put/key/%7B%22c%22%3A%22java.lang.String%22%2C%22o%22%3A%22key2%22%7D{"c":"com.goldennode.client.TestBean","o":{"property1":"String2","property2":2}}POST
2018-12-04T15:19:02,999 DEBUG (main) [com.goldennode.client.RestClient(signRequest:86)] Signature to be created from : key=ogunay1978@gmail.com,timestamp=1543933142,nonce=7fd8b221-9098-42fe-a5fc-f9f3e4e11270/goldennode/map/id/map0/get/key/%7B%22c%22%3A%22java.lang.String%22%2C%22o%22%3A%22key1%22%7DGET
2018-12-04T15:19:03,025 DEBUG (main) [com.goldennode.client.RestClient(signRequest:86)] Signature to be created from : key=ogunay1978@gmail.com,timestamp=1543933143,nonce=9b730285-ab68-4e40-bb1a-85ca4a410401/goldennode/map/id/map0/get/key/%7B%22c%22%3A%22java.lang.String%22%2C%22o%22%3A%22key2%22%7DGET
2018-12-04T15:19:03,030 DEBUG (main) [com.goldennode.client.RestClient(signRequest:86)] Signature to be created from : key=ogunay1978@gmail.com,timestamp=1543933143,nonce=7ba08467-bfa5-412b-a10a-9fb76ccc5772/goldennode/map/id/map0/sizeGET
2018-12-04T15:19:03,038 DEBUG (main) [com.goldennode.client.RestClient(signRequest:86)] Signature to be created from : key=ogunay1978@gmail.com,timestamp=1543933143,nonce=d49cec6e-799d-4521-b842-12affa375671/goldennode/map/id/map0/containsKey/key/%7B%22c%22%3A%22java.lang.String%22%2C%22o%22%3A%22key1%22%7DGET
2018-12-04T15:19:03,043 DEBUG (main) [com.goldennode.client.RestClient(signRequest:86)] Signature to be created from : key=ogunay1978@gmail.com,timestamp=1543933143,nonce=4ecf2362-459f-4fb4-8663-a37fcbcd5c5f/goldennode/map/id/map0/containsKey/key/%7B%22c%22%3A%22java.lang.String%22%2C%22o%22%3A%22key4%22%7DGET
2018-12-04T15:19:03,050 DEBUG (main) [com.goldennode.client.RestClient(signRequest:86)] Signature to be created from : key=ogunay1978@gmail.com,timestamp=1543933143,nonce=efc30abe-665c-478c-af34-8ef5d5bdee46/goldennode/map/id/map0/keySetGET
2018-12-04T15:19:03,058 DEBUG (main) [com.goldennode.client.RestClient(signRequest:86)] Signature to be created from : key=ogunay1978@gmail.com,timestamp=1543933143,nonce=ddd0d3e8-a0f1-49df-be9c-e942ef454ab2/goldennode/map/id/map0/valuesGET
2018-12-04T15:19:03,069 DEBUG (main) [com.goldennode.client.RestClient(signRequest:86)] Signature to be created from : key=ogunay1978@gmail.com,timestamp=1543933143,nonce=993eedc8-0e44-45a2-8902-753763903ab1/goldennode/map/id/map0/entrySetGET
2018-12-04T15:19:03,076 DEBUG (main) [com.goldennode.client.RestClient(signRequest:86)] Signature to be created from : key=ogunay1978@gmail.com,timestamp=1543933143,nonce=9310ede1-3881-4483-9070-39713d5f6661/goldennode/map/id/map0/containsValue/value/%7B%22c%22%3A%22com.goldennode.client.TestBean%22%2C%22o%22%3A%7B%22property1%22%3A%22String1%22%2C%22property2%22%3A1%7D%7DGET
2018-12-04T15:19:03,083 DEBUG (main) [com.goldennode.client.RestClient(signRequest:86)] Signature to be created from : key=ogunay1978@gmail.com,timestamp=1543933143,nonce=a10f6daa-31bb-4104-988a-554f50e36b52/goldennode/map/id/map0/containsValue/value/%7B%22c%22%3A%22com.goldennode.client.TestBean%22%2C%22o%22%3A%7B%22property1%22%3A%22NA%22%2C%22property2%22%3A-1%7D%7DGET
2018-12-04T15:19:03,090 DEBUG (main) [com.goldennode.client.RestClient(signRequest:86)] Signature to be created from : key=ogunay1978@gmail.com,timestamp=1543933143,nonce=ea4b69f6-b5d4-4ee0-aeb0-60506e974eca/goldennode/map/id/map0/isEmptyGET
2018-12-04T15:19:03,096 DEBUG (main) [com.goldennode.client.RestClient(signRequest:86)] Signature to be created from : key=ogunay1978@gmail.com,timestamp=1543933143,nonce=b2f53791-1e13-4149-a60c-bbea8ac50112/goldennode/map/id/map0/remove/key/%7B%22c%22%3A%22java.lang.String%22%2C%22o%22%3A%22key1%22%7DDELETE
2018-12-04T15:19:03,100 DEBUG (main) [com.goldennode.client.RestClient(signRequest:86)] Signature to be created from : key=ogunay1978@gmail.com,timestamp=1543933143,nonce=a7d7f85f-1414-4b13-a979-0c3993a20554/goldennode/map/id/map0/remove/key/%7B%22c%22%3A%22java.lang.String%22%2C%22o%22%3A%22key2%22%7DDELETE
2018-12-04T15:19:03,111 DEBUG (main) [com.goldennode.client.RestClient(signRequest:86)] Signature to be created from : key=ogunay1978@gmail.com,timestamp=1543933143,nonce=d3b6adb3-1b6d-49f3-9832-d61242b9fd31/goldennode/map/id/map0/isEmptyGET
2018-12-04T15:19:03,117 DEBUG (main) [com.goldennode.client.RestClient(signRequest:86)] Signature to be created from : key=ogunay1978@gmail.com,timestamp=1543933143,nonce=b8ab06ce-9240-4cdc-8818-426c35c8b219/goldennode/map/id/map1/clearDELETE
2018-12-04T15:19:03,128 DEBUG (main) [com.goldennode.client.RestClient(signRequest:86)] Signature to be created from : key=ogunay1978@gmail.com,timestamp=1543933143,nonce=e6a0ec55-d874-46af-8df6-af83b6a4f469/goldennode/map/id/map1/isEmptyGET
2018-12-04T15:19:03,134 DEBUG (main) [com.goldennode.client.RestClient(signRequest:86)] Signature to be created from : key=ogunay1978@gmail.com,timestamp=1543933143,nonce=135eb1c3-3b9b-4af6-9cc8-dc30e7aac587/goldennode/map/id/map1/put/key/%7B%22c%22%3A%22java.lang.String%22%2C%22o%22%3A%22key1%22%7D{"c":"java.lang.String","o":"val1"}POST
2018-12-04T15:19:03,141 DEBUG (main) [com.goldennode.client.RestClient(signRequest:86)] Signature to be created from : key=ogunay1978@gmail.com,timestamp=1543933143,nonce=410694a2-c94f-4d34-ad99-c00ce07038e2/goldennode/map/id/map1/put/key/%7B%22c%22%3A%22java.lang.String%22%2C%22o%22%3A%22key2%22%7D{"c":"java.lang.String","o":"\"val2\""}POST
2018-12-04T15:19:03,151 DEBUG (main) [com.goldennode.client.RestClient(signRequest:86)] Signature to be created from : key=ogunay1978@gmail.com,timestamp=1543933143,nonce=e6e85725-0b89-46c0-a66c-c142964ec327/goldennode/map/id/map1/put/key/%7B%22c%22%3A%22java.lang.String%22%2C%22o%22%3A%22key3%22%7D{"c":"java.lang.String","o":"val3"}POST
2018-12-04T15:19:03,162 DEBUG (main) [com.goldennode.client.RestClient(signRequest:86)] Signature to be created from : key=ogunay1978@gmail.com,timestamp=1543933143,nonce=507944df-0b34-4ae0-bc12-9289608101ba/goldennode/map/id/map1/get/key/%7B%22c%22%3A%22java.lang.String%22%2C%22o%22%3A%22key1%22%7DGET
2018-12-04T15:19:03,168 DEBUG (main) [com.goldennode.client.RestClient(signRequest:86)] Signature to be created from : key=ogunay1978@gmail.com,timestamp=1543933143,nonce=53197e00-2f30-404d-8af9-6a04fe987053/goldennode/map/id/map1/get/key/%7B%22c%22%3A%22java.lang.String%22%2C%22o%22%3A%22key2%22%7DGET
2018-12-04T15:19:03,174 DEBUG (main) [com.goldennode.client.RestClient(signRequest:86)] Signature to be created from : key=ogunay1978@gmail.com,timestamp=1543933143,nonce=2ed06f32-681f-47d3-89c9-0e8eeadaa6c3/goldennode/map/id/map1/get/key/%7B%22c%22%3A%22java.lang.String%22%2C%22o%22%3A%22key3%22%7DGET
2018-12-04T15:19:03,181 DEBUG (main) [com.goldennode.client.RestClient(signRequest:86)] Signature to be created from : key=ogunay1978@gmail.com,timestamp=1543933143,nonce=d79c707c-8435-41e7-bd8c-eeec3528a48b/goldennode/map/id/map1/sizeGET
2018-12-04T15:19:03,187 DEBUG (main) [com.goldennode.client.RestClient(signRequest:86)] Signature to be created from : key=ogunay1978@gmail.com,timestamp=1543933143,nonce=f893f195-878b-4ed3-a0af-30f0aebe34fc/goldennode/map/id/map1/containsKey/key/%7B%22c%22%3A%22java.lang.String%22%2C%22o%22%3A%22key1%22%7DGET
2018-12-04T15:19:03,192 DEBUG (main) [com.goldennode.client.RestClient(signRequest:86)] Signature to be created from : key=ogunay1978@gmail.com,timestamp=1543933143,nonce=12a4db86-0c7e-4a4f-b77c-96a7449a5a7f/goldennode/map/id/map1/containsKey/key/%7B%22c%22%3A%22java.lang.String%22%2C%22o%22%3A%22key4%22%7DGET
2018-12-04T15:19:03,197 DEBUG (main) [com.goldennode.client.RestClient(signRequest:86)] Signature to be created from : key=ogunay1978@gmail.com,timestamp=1543933143,nonce=0a3da5b5-85fa-4602-b1b5-7b6fcaabc400/goldennode/map/id/map1/keySetGET
2018-12-04T15:19:03,202 DEBUG (main) [com.goldennode.client.RestClient(signRequest:86)] Signature to be created from : key=ogunay1978@gmail.com,timestamp=1543933143,nonce=94ee7b21-29fe-460f-992c-4258bb91d36c/goldennode/map/id/map1/valuesGET
2018-12-04T15:19:03,208 DEBUG (main) [com.goldennode.client.RestClient(signRequest:86)] Signature to be created from : key=ogunay1978@gmail.com,timestamp=1543933143,nonce=f93d01c3-e904-453b-974f-06b9991da403/goldennode/map/id/map1/entrySetGET
2018-12-04T15:19:03,216 DEBUG (main) [com.goldennode.client.RestClient(signRequest:86)] Signature to be created from : key=ogunay1978@gmail.com,timestamp=1543933143,nonce=8a2a7430-c8b1-44b0-8f49-ac376ed52482/goldennode/map/id/map1/containsValue/value/%7B%22c%22%3A%22java.lang.String%22%2C%22o%22%3A%22val1%22%7DGET
2018-12-04T15:19:03,223 DEBUG (main) [com.goldennode.client.RestClient(signRequest:86)] Signature to be created from : key=ogunay1978@gmail.com,timestamp=1543933143,nonce=900eeddb-b8ef-4a3d-aec7-0f5dc66233b0/goldennode/map/id/map1/containsValue/value/%7B%22c%22%3A%22java.lang.String%22%2C%22o%22%3A%22val4%22%7DGET
2018-12-04T15:19:03,232 DEBUG (main) [com.goldennode.client.RestClient(signRequest:86)] Signature to be created from : key=ogunay1978@gmail.com,timestamp=1543933143,nonce=4bd51f13-2592-41fd-a71c-eb216289ee7e/goldennode/map/id/map1/isEmptyGET
2018-12-04T15:19:03,241 DEBUG (main) [com.goldennode.client.RestClient(signRequest:86)] Signature to be created from : key=ogunay1978@gmail.com,timestamp=1543933143,nonce=ebee00f8-a721-4b99-9a03-b7f954f1db0c/goldennode/map/id/map1/remove/key/%7B%22c%22%3A%22java.lang.String%22%2C%22o%22%3A%22key1%22%7DDELETE
2018-12-04T15:19:03,254 DEBUG (main) [com.goldennode.client.RestClient(signRequest:86)] Signature to be created from : key=ogunay1978@gmail.com,timestamp=1543933143,nonce=2fc96c4c-2416-488a-b500-73ffdafa0ff4/goldennode/map/id/map1/remove/key/%7B%22c%22%3A%22java.lang.String%22%2C%22o%22%3A%22key2%22%7DDELETE
2018-12-04T15:19:03,269 DEBUG (main) [com.goldennode.client.RestClient(signRequest:86)] Signature to be created from : key=ogunay1978@gmail.com,timestamp=1543933143,nonce=a3dd1e8a-ed3f-4799-84ae-b21ed694d288/goldennode/map/id/map1/remove/key/%7B%22c%22%3A%22java.lang.String%22%2C%22o%22%3A%22key3%22%7DDELETE
2018-12-04T15:19:03,277 DEBUG (main) [com.goldennode.client.RestClient(signRequest:86)] Signature to be created from : key=ogunay1978@gmail.com,timestamp=1543933143,nonce=83bf8054-162a-4009-9672-4713c64eda66/goldennode/map/id/map1/isEmptyGET
2018-12-04T15:19:26,602 DEBUG (main) [com.goldennode.client.RestClient(signRequest:86)] Signature to be created from : key=ogunay1978@gmail.com,timestamp=1543933166,nonce=a2f542ca-8777-49d9-a16e-5ce5f58ea411/goldennode/map/id/map0/clearDELETE
2018-12-04T15:19:26,647 DEBUG (main) [com.goldennode.client.RestClient(signRequest:86)] Signature to be created from : key=ogunay1978@gmail.com,timestamp=1543933166,nonce=1249b707-05f9-4128-81d8-70c1379d56e3/goldennode/map/id/map0/isEmptyGET
2018-12-04T15:19:26,707 DEBUG (main) [com.goldennode.client.RestClient(signRequest:86)] Signature to be created from : key=ogunay1978@gmail.com,timestamp=1543933166,nonce=b5d70799-89b8-4d2e-b185-81368edb8a35/goldennode/map/id/map0/put/key/%7B%22c%22%3A%22java.lang.String%22%2C%22o%22%3A%22key1%22%7D{"c":"com.goldennode.client.TestBean","o":{"property1":"String1","property2":1}}POST
2018-12-04T15:19:26,717 DEBUG (main) [com.goldennode.client.RestClient(signRequest:86)] Signature to be created from : key=ogunay1978@gmail.com,timestamp=1543933166,nonce=968179a9-672e-40c2-be7f-1431fe0c3261/goldennode/map/id/map0/put/key/%7B%22c%22%3A%22java.lang.String%22%2C%22o%22%3A%22key2%22%7D{"c":"com.goldennode.client.TestBean","o":{"property1":"String2","property2":2}}POST
2018-12-04T15:19:26,728 DEBUG (main) [com.goldennode.client.RestClient(signRequest:86)] Signature to be created from : key=ogunay1978@gmail.com,timestamp=1543933166,nonce=4b515b45-506d-4bb4-ab19-b21d38c24ba1/goldennode/map/id/map0/get/key/%7B%22c%22%3A%22java.lang.String%22%2C%22o%22%3A%22key1%22%7DGET
2018-12-04T15:19:26,764 DEBUG (main) [com.goldennode.client.RestClient(signRequest:86)] Signature to be created from : key=ogunay1978@gmail.com,timestamp=1543933166,nonce=0b393c8f-24a5-4b73-83f3-f1117c5cfff4/goldennode/map/id/map0/get/key/%7B%22c%22%3A%22java.lang.String%22%2C%22o%22%3A%22key2%22%7DGET
2018-12-04T15:19:26,773 DEBUG (main) [com.goldennode.client.RestClient(signRequest:86)] Signature to be created from : key=ogunay1978@gmail.com,timestamp=1543933166,nonce=df75c24a-6988-4eb7-bf22-bd7df1c54c24/goldennode/map/id/map0/sizeGET
2018-12-04T15:19:26,781 DEBUG (main) [com.goldennode.client.RestClient(signRequest:86)] Signature to be created from : key=ogunay1978@gmail.com,timestamp=1543933166,nonce=5739b66a-a827-4279-9f66-3993e919ea17/goldennode/map/id/map0/containsKey/key/%7B%22c%22%3A%22java.lang.String%22%2C%22o%22%3A%22key1%22%7DGET
2018-12-04T15:19:26,790 DEBUG (main) [com.goldennode.client.RestClient(signRequest:86)] Signature to be created from : key=ogunay1978@gmail.com,timestamp=1543933166,nonce=49089773-1caa-41b2-a0ac-c7e80a216ee8/goldennode/map/id/map0/containsKey/key/%7B%22c%22%3A%22java.lang.String%22%2C%22o%22%3A%22key4%22%7DGET
2018-12-04T15:19:26,806 DEBUG (main) [com.goldennode.client.RestClient(signRequest:86)] Signature to be created from : key=ogunay1978@gmail.com,timestamp=1543933166,nonce=a78e988a-b4a5-4d17-89d9-9341490d5e88/goldennode/map/id/map0/keySetGET
2018-12-04T15:19:26,816 DEBUG (main) [com.goldennode.client.RestClient(signRequest:86)] Signature to be created from : key=ogunay1978@gmail.com,timestamp=1543933166,nonce=599b434f-1508-47d2-bd39-301f42254daa/goldennode/map/id/map0/valuesGET
2018-12-04T15:19:26,823 DEBUG (main) [com.goldennode.client.RestClient(signRequest:86)] Signature to be created from : key=ogunay1978@gmail.com,timestamp=1543933166,nonce=7318155b-0850-4d94-b346-f3bce78049e0/goldennode/map/id/map0/entrySetGET
2018-12-04T15:19:26,829 DEBUG (main) [com.goldennode.client.RestClient(signRequest:86)] Signature to be created from : key=ogunay1978@gmail.com,timestamp=1543933166,nonce=1614f5e8-fd75-45af-bb16-9f80dfc67258/goldennode/map/id/map0/containsValue/value/%7B%22c%22%3A%22com.goldennode.client.TestBean%22%2C%22o%22%3A%7B%22property1%22%3A%22String1%22%2C%22property2%22%3A1%7D%7DGET
2018-12-04T15:19:26,837 DEBUG (main) [com.goldennode.client.RestClient(signRequest:86)] Signature to be created from : key=ogunay1978@gmail.com,timestamp=1543933166,nonce=2b811a72-6ee4-4983-9837-fd2de2d493d1/goldennode/map/id/map0/containsValue/value/%7B%22c%22%3A%22com.goldennode.client.TestBean%22%2C%22o%22%3A%7B%22property1%22%3A%22N%2FA%22%2C%22property2%22%3A-1%7D%7DGET
2018-12-04T15:23:10,000 DEBUG (main) [com.goldennode.client.RestClient(signRequest:86)] Signature to be created from : key=ogunay1978@gmail.com,timestamp=1543933389,nonce=5b103604-b749-4454-b589-5dd611907c19/goldennode/map/id/map0/clearDELETE
2018-12-04T15:23:10,833 DEBUG (main) [com.goldennode.client.RestClient(signRequest:86)] Signature to be created from : key=ogunay1978@gmail.com,timestamp=1543933390,nonce=a3789d4a-9cf4-497d-a4b0-0e79f7fc266f/goldennode/map/id/map0/isEmptyGET
2018-12-04T15:23:10,993 DEBUG (main) [com.goldennode.client.RestClient(signRequest:86)] Signature to be created from : key=ogunay1978@gmail.com,timestamp=1543933390,nonce=9036b307-ffe7-4012-b9bd-ce3f57d409a3/goldennode/map/id/map0/put/key/%7B%22c%22%3A%22java.lang.String%22%2C%22o%22%3A%22key1%22%7D{"c":"com.goldennode.client.TestBean","o":{"property1":"String1","property2":1}}POST
2018-12-04T15:23:11,042 DEBUG (main) [com.goldennode.client.RestClient(signRequest:86)] Signature to be created from : key=ogunay1978@gmail.com,timestamp=1543933391,nonce=3ede1551-007d-4586-be9b-2f0874c16c35/goldennode/map/id/map0/put/key/%7B%22c%22%3A%22java.lang.String%22%2C%22o%22%3A%22key2%22%7D{"c":"com.goldennode.client.TestBean","o":{"property1":"String2","property2":2}}POST
2018-12-04T15:23:11,053 DEBUG (main) [com.goldennode.client.RestClient(signRequest:86)] Signature to be created from : key=ogunay1978@gmail.com,timestamp=1543933391,nonce=e96b616e-7243-4d5a-ace3-247579d55954/goldennode/map/id/map0/get/key/%7B%22c%22%3A%22java.lang.String%22%2C%22o%22%3A%22key1%22%7DGET
2018-12-04T15:23:11,090 DEBUG (main) [com.goldennode.client.RestClient(signRequest:86)] Signature to be created from : key=ogunay1978@gmail.com,timestamp=1543933391,nonce=e3c3fa24-d40e-4c95-8521-6461d9f2c97b/goldennode/map/id/map0/get/key/%7B%22c%22%3A%22java.lang.String%22%2C%22o%22%3A%22key2%22%7DGET
2018-12-04T15:23:11,110 DEBUG (main) [com.goldennode.client.RestClient(signRequest:86)] Signature to be created from : key=ogunay1978@gmail.com,timestamp=1543933391,nonce=bc41e99b-a3b3-4b26-aea8-21f6357a7cf6/goldennode/map/id/map0/sizeGET
2018-12-04T15:23:11,131 DEBUG (main) [com.goldennode.client.RestClient(signRequest:86)] Signature to be created from : key=ogunay1978@gmail.com,timestamp=1543933391,nonce=686c5322-d481-481b-b0b6-27744c006d88/goldennode/map/id/map0/containsKey/key/%7B%22c%22%3A%22java.lang.String%22%2C%22o%22%3A%22key1%22%7DGET
2018-12-04T15:23:11,143 DEBUG (main) [com.goldennode.client.RestClient(signRequest:86)] Signature to be created from : key=ogunay1978@gmail.com,timestamp=1543933391,nonce=ed773918-0326-4658-9518-27b3aef4018c/goldennode/map/id/map0/containsKey/key/%7B%22c%22%3A%22java.lang.String%22%2C%22o%22%3A%22key4%22%7DGET
2018-12-04T15:23:11,153 DEBUG (main) [com.goldennode.client.RestClient(signRequest:86)] Signature to be created from : key=ogunay1978@gmail.com,timestamp=1543933391,nonce=78247fb9-99a5-4156-b71d-b7e83bd8ffc9/goldennode/map/id/map0/keySetGET
2018-12-04T15:23:11,196 DEBUG (main) [com.goldennode.client.RestClient(signRequest:86)] Signature to be created from : key=ogunay1978@gmail.com,timestamp=1543933391,nonce=07d7f3f0-3b26-45a6-8c32-7dc0ff38bdca/goldennode/map/id/map0/valuesGET
2018-12-04T15:23:11,205 DEBUG (main) [com.goldennode.client.RestClient(signRequest:86)] Signature to be created from : key=ogunay1978@gmail.com,timestamp=1543933391,nonce=4489443b-4aad-4f07-8673-a611be90453f/goldennode/map/id/map0/entrySetGET
2018-12-04T15:23:21,426 DEBUG (main) [com.goldennode.client.RestClient(signRequest:86)] Signature to be created from : key=ogunay1978@gmail.com,timestamp=1543933401,nonce=dc6c9fdb-6ac5-4975-9f44-0aa2f5fcdecf/goldennode/map/id/map0/containsValue/value/%7B%22c%22%3A%22com.goldennode.client.TestBean%22%2C%22o%22%3A%7B%22property1%22%3A%22String1%22%2C%22property2%22%3A1%7D%7DGET
2018-12-04T15:23:26,950 DEBUG (main) [com.goldennode.client.RestClient(signRequest:86)] Signature to be created from : key=ogunay1978@gmail.com,timestamp=1543933406,nonce=261e7608-692f-44b0-9d73-2a69d04632e1/goldennode/map/id/map0/containsValue/value/%7B%22c%22%3A%22com.goldennode.client.TestBean%22%2C%22o%22%3A%7B%22property1%22%3A%22N%2FA%22%2C%22property2%22%3A-1%7D%7DGET
