2018-11-27T15:35:55,992 DEBUG (main) [com.goldennode.client.RestClient(signRequest:87)] Signature to be created from : key=ogunay1978@gmail.com,timestamp=1543361755,nonce=7951d68d-3be9-42a2-94a8-1539b9979b6e/goldennode-cloud-0.0.1-SNAPSHOT/goldennode/map/id/1/get/key/1POST
2018-11-27T15:36:40,397 DEBUG (main) [com.goldennode.client.RestClient(signRequest:87)] Signature to be created from : key=ogunay1978@gmail.com,timestamp=1543361800,nonce=9ead62d5-b655-48e9-b600-ab83facacca2/goldennode-cloud-0.0.1-SNAPSHOT/goldennode/map/id/1/get/key/1POST
2018-11-27T15:37:14,841 DEBUG (main) [com.goldennode.client.RestClient(signRequest:87)] Signature to be created from : key=ogunay1978@gmail.com,timestamp=1543361834,nonce=64847745-1275-46cc-874d-ae60bf18c0d9//goldennode/map/id/1/get/key/1POST
2018-11-27T15:38:54,406 DEBUG (main) [com.goldennode.client.RestClient(signRequest:87)] Signature to be created from : key=ogunay1978@gmail.com,timestamp=1543361934,nonce=e39c435a-cef2-4b4f-b621-d2cbbf2d987f/goldennode/map/id/1/get/key/1POST
2018-11-27T15:38:58,665 DEBUG (main) [com.goldennode.client.RestClient(signRequest:87)] Signature to be created from : key=ogunay1978@gmail.com,timestamp=1543361938,nonce=0dc0b2e1-3bb1-4cb4-b2f1-6fc0d9938c4e/goldennode/map/id/1/get/key/1POST
2018-11-27T15:40:13,959 DEBUG (main) [com.goldennode.client.RestClient(signRequest:87)] Signature to be created from : key=ogunay1978@gmail.com,timestamp=1543362013,nonce=fa555c73-9534-4783-b192-8c9c87156f26/goldennode/map/id/1/get/key/1GET
2018-11-27T15:41:42,102 DEBUG (main) [com.goldennode.client.RestClient(signRequest:87)] Signature to be created from : key=ogunay1978@gmail.com,timestamp=1543362101,nonce=c7ae3827-6a02-4cb4-921e-7630b79e9ee5/goldennode/map/id/1/put/key/1{"TEST"}PUT
2018-11-27T15:41:42,142 DEBUG (main) [com.goldennode.client.RestClient(signRequest:87)] Signature to be created from : key=ogunay1978@gmail.com,timestamp=1543362102,nonce=27fef08b-e0f3-461b-923e-b754d72de9db/goldennode/map/id/1/get/key/1GET
2018-11-27T15:42:23,093 DEBUG (main) [com.goldennode.client.RestClient(signRequest:87)] Signature to be created from : key=ogunay1978@gmail.com,timestamp=1543362142,nonce=df977872-41a7-4798-b15f-8d65c554bd3d/goldennode/map/id/1/put/key/1{"TEST"}POST
2018-11-27T15:42:23,161 DEBUG (main) [com.goldennode.client.RestClient(signRequest:87)] Signature to be created from : key=ogunay1978@gmail.com,timestamp=1543362143,nonce=adabb24b-ef58-4df0-91b9-69f82a3a7c54/goldennode/map/id/1/get/key/1GET
2018-11-27T15:44:49,161 DEBUG (main) [com.goldennode.client.RestClient(signRequest:87)] Signature to be created from : key=ogunay1978@gmail.com,timestamp=1543362288,nonce=6e4b79cc-35bc-46b0-b9bd-45a97c620929/goldennode/map/id/1/put/key/1{"TEST"}POST
2018-11-27T15:44:49,194 DEBUG (main) [com.goldennode.client.RestClient(signRequest:87)] Signature to be created from : key=ogunay1978@gmail.com,timestamp=1543362289,nonce=727e4814-1c10-4f38-9893-f5ee0fd27223/goldennode/map/id/1/get/key/1GET
2018-11-27T15:45:43,898 DEBUG (main) [com.goldennode.client.RestClient(signRequest:87)] Signature to be created from : key=ogunay1978@gmail.com,timestamp=1543362343,nonce=07214be1-e62b-49cc-8981-7e6cdf4ae8ab/goldennode/map/id/1/put/key/1{"TEST"}POST
2018-11-27T15:49:08,347 DEBUG (main) [com.goldennode.client.RestClient(signRequest:86)] Signature to be created from : key=ogunay1978@gmail.com,timestamp=1543362548,nonce=b4871cfd-d946-4fb1-a42e-4ceafe2002c3/goldennode/map/id/1/put/key/1{"TEST"}POST
2018-11-27T15:49:08,410 DEBUG (main) [com.goldennode.client.RestClient(signRequest:86)] Signature to be created from : key=ogunay1978@gmail.com,timestamp=1543362548,nonce=df59b7e2-4a05-450d-b8b2-e8183f1a2706/goldennode/map/id/1/get/key/1GET
2018-11-27T15:49:55,171 DEBUG (main) [com.goldennode.client.RestClient(signRequest:87)] Signature to be created from : key=ogunay1978@gmail.com,timestamp=1543362595,nonce=6322832e-47ad-4384-87fe-ba9a80493670/goldennode/map/id/1/put/key/1{"TEST"}POST
2018-11-27T15:50:08,381 DEBUG (main) [com.goldennode.client.RestClient(signRequest:87)] Signature to be created from : key=ogunay1978@gmail.com,timestamp=1543362608,nonce=66b393f4-926c-4572-8c82-6a1902ed49a9/goldennode/map/id/1/get/key/1GET
2018-11-27T15:50:43,276 DEBUG (main) [com.goldennode.client.RestClient(signRequest:87)] Signature to be created from : key=ogunay1978@gmail.com,timestamp=1543362643,nonce=92377986-147c-4676-bea7-0ae393cdc42f/goldennode/map/id/1/put/key/1{"TEST"}POST
2018-11-27T15:52:59,279 DEBUG (main) [com.goldennode.client.RestClient(signRequest:88)] Signature to be created from : key=ogunay1978@gmail.com,timestamp=1543362779,nonce=db876ad4-5a1a-446a-b278-d857e34a670f/goldennode/map/id/1/put/key/1{"TEST"}POST
2018-11-27T15:55:41,772 DEBUG (main) [com.goldennode.client.RestClient(signRequest:88)] Signature to be created from : key=ogunay1978@gmail.com,timestamp=1543362941,nonce=04853ada-a080-482b-ba97-3e607d26a84b/goldennode/map/id/1/put/key/1{"TEST"}POST
2018-11-27T15:56:12,570 DEBUG (main) [com.goldennode.client.RestClient(signRequest:88)] Signature to be created from : key=ogunay1978@gmail.com,timestamp=1543362972,nonce=33df937d-4ee3-4327-bbd1-4f57c78c7767/goldennode/map/id/1/put/key/1{"TEST"}POST
2018-11-27T15:57:57,872 DEBUG (main) [com.goldennode.client.RestClient(signRequest:88)] Signature to be created from : key=ogunay1978@gmail.com,timestamp=1543363077,nonce=746bfaa7-bae0-480e-b385-4396c9d118d1/goldennode/map/id/1/put/key/1{"TEST"}POST
2018-11-27T16:01:28,361 DEBUG (main) [com.goldennode.client.RestClient(signRequest:88)] Signature to be created from : key=ogunay1978@gmail.com,timestamp=1543363288,nonce=f7fec9c0-51f0-4489-bedc-8150c8e60e84/goldennode/map/id/1/put/key/1{"TEST"}POST
2018-11-27T16:17:35,391 DEBUG (main) [com.goldennode.client.RestClient(signRequest:88)] Signature to be created from : key=ogunay1978@gmail.com,timestamp=1543364255,nonce=963d81c2-373b-4727-8643-9eb833c7fcd9/goldennode/map/id/1/put/key/1{"TEST"}POST
2018-11-27T16:17:53,427 DEBUG (main) [com.goldennode.client.RestClient(signRequest:88)] Signature to be created from : key=ogunay1978@gmail.com,timestamp=1543364273,nonce=4200e50d-3189-47be-b5da-8c68d29c84da/goldennode/map/id/1/put/key/1{"TEST"}POST
2018-11-27T16:29:16,600 DEBUG (main) [com.goldennode.client.Authenticator(signEntity:62)] Signature to be created from : key=ogunay1978@gmail.com,timestamp=1543364956,nonce=ab9f38f8-c6d1-4ac6-b9c4-36df46a67d32/goldennode/map/id/1/put/key/2a53c28b4-b16e-4d4c-b6c3-5dd7c6ab24eaPOST
2018-11-27T16:29:16,937 DEBUG (main) [org.springframework.web.client.RestTemplate(debug:142)] HTTP POST http://localhost:8080/goldennode/map/id/1/put/key/2
2018-11-27T16:29:16,956 DEBUG (main) [org.springframework.web.client.RestTemplate(debug:142)] Accept=[text/plain, application/json, application/cbor, application/*+json, */*]
2018-11-27T16:29:16,957 DEBUG (main) [org.springframework.web.client.RestTemplate(debug:142)] Writing [a53c28b4-b16e-4d4c-b6c3-5dd7c6ab24ea] with org.springframework.http.converter.StringHttpMessageConverter
2018-11-27T16:29:27,272 DEBUG (main) [org.springframework.web.client.RestTemplate(debug:142)] Response 200 OK
